Arguments: 
  E:\environment\nodejs\node.exe C:\Users\29856\AppData\Roaming\npm\node_modules\yarn\bin\yarn.js add @typescript-eslint --dev

PATH: 
  C:\Program Files\Common Files\Oracle\Java\javapath;C:\Windows\system32;C:\Windows;C:\Windows\System32\Wbem;C:\Windows\System32\WindowsPowerShell\v1.0\;C:\Windows\System32\OpenSSH\;E:\environment\flutter\flutter\bin;E:\environment\nodejs\;D:\worktools\Git\cmd;"E:\environment\jdk\bin;";C:\Users\29856\AppData\Local\Microsoft\WindowsApps;D:\worktools\Microsoft VS Code\bin;C:\Users\29856\AppData\Roaming\npm

Yarn version: 
  1.22.17

Node version: 
  16.13.0

Platform: 
  win32 x64

Trace: 
  Error: https://registry.npm.taobao.org/@typescript-eslint: Request "https://registry.npm.taobao.org/@typescript-eslint" returned a 405
      at Request.params.callback [as _callback] (C:\Users\29856\AppData\Roaming\npm\node_modules\yarn\lib\cli.js:67038:18)
      at Request.self.callback (C:\Users\29856\AppData\Roaming\npm\node_modules\yarn\lib\cli.js:140883:22)
      at Request.emit (node:events:390:28)
      at Request.<anonymous> (C:\Users\29856\AppData\Roaming\npm\node_modules\yarn\lib\cli.js:141855:10)
      at Request.emit (node:events:390:28)
      at IncomingMessage.<anonymous> (C:\Users\29856\AppData\Roaming\npm\node_modules\yarn\lib\cli.js:141777:12)
      at Object.onceWrapper (node:events:509:28)
      at IncomingMessage.emit (node:events:402:35)
      at endReadableNT (node:internal/streams/readable:1343:12)
      at processTicksAndRejections (node:internal/process/task_queues:83:21)

npm manifest: 
  {
    "name": "power_of_nature",
    "version": "0.0.0",
    "scripts": {
      "dev": "vite",
      "build": "tsc && vite build",
      "preview": "vite preview"
    },
    "dependencies": {
      "react": "^17.0.2",
      "react-dom": "^17.0.2"
    },
    "devDependencies": {
      "@types/react": "^17.0.33",
      "@types/react-dom": "^17.0.10",
      "@typescript-eslint/eslint-plugin": "^5.6.0",
      "@typescript-eslint/parser": "^5.6.0",
      "@vitejs/plugin-react": "^1.0.7",
      "eslint": "^7.32.0",
      "eslint-config-standard": "^16.0.3",
      "eslint-plugin-import": "^2.25.3",
      "eslint-plugin-node": "^11.1.0",
      "eslint-plugin-promise": "^5.2.0",
      "eslint-plugin-react": "^7.27.1",
      "prettier": "^2.5.1",
      "typescript": "^4.4.4",
      "vite": "^2.7.0"
    }
  }

yarn manifest: 
  No manifest

Lockfile: 
  # THIS IS AN AUTOGENERATED FILE. DO NOT EDIT THIS FILE DIRECTLY.
  # yarn lockfile v1
  
  
  "@babel/code-frame@^7.16.0":
    "integrity" "sha1-DfyAMJvuyEEeZecGRhxAiwu5tDE="
    "resolved" "https://registry.npmmirror.com/@babel/code-frame/download/@babel/code-frame-7.16.0.tgz"
    "version" "7.16.0"
    dependencies:
      "@babel/highlight" "^7.16.0"
  
  "@babel/code-frame@7.12.11":
    "integrity" "sha512-Zt1yodBx1UcyiePMSkWnU4hPqhwq7hGi2nFL1LeA3EUl+q2LQx16MISgJ0+z7dnmgvP9QtIleuETGOiOH1RcIw=="
    "resolved" "https://registry.npmjs.org/@babel/code-frame/-/code-frame-7.12.11.tgz"
    "version" "7.12.11"
    dependencies:
      "@babel/highlight" "^7.10.4"
  
  "@babel/compat-data@^7.16.0":
    "integrity" "sha512-1o/jo7D+kC9ZjHX5v+EHrdjl3PhxMrLSOTGsOdHJ+KL8HCaEK6ehrVL2RS6oHDZp+L7xLirLrPmQtEng769J/Q=="
    "resolved" "https://registry.npmmirror.com/@babel/compat-data/download/@babel/compat-data-7.16.4.tgz?cache=0&sync_timestamp=1637102873430&other_urls=https%3A%2F%2Fregistry.npmmirror.com%2F%40babel%2Fcompat-data%2Fdownload%2F%40babel%2Fcompat-data-7.16.4.tgz"
    "version" "7.16.4"
  
  "@babel/core@^7.0.0", "@babel/core@^7.0.0-0", "@babel/core@^7.16.0":
    "integrity" "sha1-xP9EBG9f4xBSXMnrTvUUfwxTdNQ="
    "resolved" "https://registry.npmmirror.com/@babel/core/download/@babel/core-7.16.0.tgz?cache=0&sync_timestamp=1635560597244&other_urls=https%3A%2F%2Fregistry.npmmirror.com%2F%40babel%2Fcore%2Fdownload%2F%40babel%2Fcore-7.16.0.tgz"
    "version" "7.16.0"
    dependencies:
      "@babel/code-frame" "^7.16.0"
      "@babel/generator" "^7.16.0"
      "@babel/helper-compilation-targets" "^7.16.0"
      "@babel/helper-module-transforms" "^7.16.0"
      "@babel/helpers" "^7.16.0"
      "@babel/parser" "^7.16.0"
      "@babel/template" "^7.16.0"
      "@babel/traverse" "^7.16.0"
      "@babel/types" "^7.16.0"
      "convert-source-map" "^1.7.0"
      "debug" "^4.1.0"
      "gensync" "^1.0.0-beta.2"
      "json5" "^2.1.2"
      "semver" "^6.3.0"
      "source-map" "^0.5.0"
  
  "@babel/generator@^7.16.0":
    "integrity" "sha1-1A89HVB15i01ALzLZ/PaqKlSZbI="
    "resolved" "https://registry.npmmirror.com/@babel/generator/download/@babel/generator-7.16.0.tgz"
    "version" "7.16.0"
    dependencies:
      "@babel/types" "^7.16.0"
      "jsesc" "^2.5.1"
      "source-map" "^0.5.0"
  
  "@babel/helper-annotate-as-pure@^7.16.0":
    "integrity" "sha1-mh8OvNpT2aLQAQjEzqzmpdXx8I0="
    "resolved" "https://registry.npmmirror.com/@babel/helper-annotate-as-pure/download/@babel/helper-annotate-as-pure-7.16.0.tgz"
    "version" "7.16.0"
    dependencies:
      "@babel/types" "^7.16.0"
  
  "@babel/helper-compilation-targets@^7.16.0":
    "integrity" "sha512-vKsoSQAyBmxS35JUOOt+07cLc6Nk/2ljLIHwmq2/NM6hdioUaqEXq/S+nXvbvXbZkNDlWOymPanJGOc4CBjSJA=="
    "resolved" "https://registry.npmmirror.com/@babel/helper-compilation-targets/download/@babel/helper-compilation-targets-7.16.3.tgz"
    "version" "7.16.3"
    dependencies:
      "@babel/compat-data" "^7.16.0"
      "@babel/helper-validator-option" "^7.14.5"
      "browserslist" "^4.17.5"
      "semver" "^6.3.0"
  
  "@babel/helper-function-name@^7.16.0":
    "integrity" "sha1-t90Hl9ALv+5PB+nE6lsOMMi7FIE="
    "resolved" "https://registry.npmmirror.com/@babel/helper-function-name/download/@babel/helper-function-name-7.16.0.tgz"
    "version" "7.16.0"
    dependencies:
      "@babel/helper-get-function-arity" "^7.16.0"
      "@babel/template" "^7.16.0"
      "@babel/types" "^7.16.0"
  
  "@babel/helper-get-function-arity@^7.16.0":
    "integrity" "sha1-AIjHSGspqctdlIsaHeRttm4InPo="
    "resolved" "https://registry.npmmirror.com/@babel/helper-get-function-arity/download/@babel/helper-get-function-arity-7.16.0.tgz"
    "version" "7.16.0"
    dependencies:
      "@babel/types" "^7.16.0"
  
  "@babel/helper-hoist-variables@^7.16.0":
    "integrity" "sha1-TJAjwvHe9+KP9G/B2802o5vqqBo="
    "resolved" "https://registry.npmmirror.com/@babel/helper-hoist-variables/download/@babel/helper-hoist-variables-7.16.0.tgz"
    "version" "7.16.0"
    dependencies:
      "@babel/types" "^7.16.0"
  
  "@babel/helper-member-expression-to-functions@^7.16.0":
    "integrity" "sha1-KShwQO/Rl8d2Nu91GI6B2ovM1aQ="
    "resolved" "https://registry.npmmirror.com/@babel/helper-member-expression-to-functions/download/@babel/helper-member-expression-to-functions-7.16.0.tgz"
    "version" "7.16.0"
    dependencies:
      "@babel/types" "^7.16.0"
  
  "@babel/helper-module-imports@^7.16.0":
    "integrity" "sha1-kFOOYLZy7PG0SPX09UM9N+eaPsM="
    "resolved" "https://registry.npmmirror.com/@babel/helper-module-imports/download/@babel/helper-module-imports-7.16.0.tgz"
    "version" "7.16.0"
    dependencies:
      "@babel/types" "^7.16.0"
  
  "@babel/helper-module-transforms@^7.16.0":
    "integrity" "sha1-HIKo3UyzRXdQLr0pCWmbGUw+m7U="
    "resolved" "https://registry.npmmirror.com/@babel/helper-module-transforms/download/@babel/helper-module-transforms-7.16.0.tgz"
    "version" "7.16.0"
    dependencies:
      "@babel/helper-module-imports" "^7.16.0"
      "@babel/helper-replace-supers" "^7.16.0"
      "@babel/helper-simple-access" "^7.16.0"
      "@babel/helper-split-export-declaration" "^7.16.0"
      "@babel/helper-validator-identifier" "^7.15.7"
      "@babel/template" "^7.16.0"
      "@babel/traverse" "^7.16.0"
      "@babel/types" "^7.16.0"
  
  "@babel/helper-optimise-call-expression@^7.16.0":
    "integrity" "sha1-zs2xRdcMVAlrFWT46fEM19GTszg="
    "resolved" "https://registry.npmmirror.com/@babel/helper-optimise-call-expression/download/@babel/helper-optimise-call-expression-7.16.0.tgz"
    "version" "7.16.0"
    dependencies:
      "@babel/types" "^7.16.0"
  
  "@babel/helper-plugin-utils@^7.14.5":
    "integrity" "sha1-WsgizpfuxGdBq3ClF5ceRDpwxak="
    "resolved" "https://registry.nlark.com/@babel/helper-plugin-utils/download/@babel/helper-plugin-utils-7.14.5.tgz"
    "version" "7.14.5"
  
  "@babel/helper-replace-supers@^7.16.0":
    "integrity" "sha1-cwVejTz5vLqN21XK2T/tyGD2jxc="
    "resolved" "https://registry.npmmirror.com/@babel/helper-replace-supers/download/@babel/helper-replace-supers-7.16.0.tgz"
    "version" "7.16.0"
    dependencies:
      "@babel/helper-member-expression-to-functions" "^7.16.0"
      "@babel/helper-optimise-call-expression" "^7.16.0"
      "@babel/traverse" "^7.16.0"
      "@babel/types" "^7.16.0"
  
  "@babel/helper-simple-access@^7.16.0":
    "integrity" "sha1-IdaidiDjg+N1NM9sELugGab5BRc="
    "resolved" "https://registry.npmmirror.com/@babel/helper-simple-access/download/@babel/helper-simple-access-7.16.0.tgz?cache=0&sync_timestamp=1635561435655&other_urls=https%3A%2F%2Fregistry.npmmirror.com%2F%40babel%2Fhelper-simple-access%2Fdownload%2F%40babel%2Fhelper-simple-access-7.16.0.tgz"
    "version" "7.16.0"
    dependencies:
      "@babel/types" "^7.16.0"
  
  "@babel/helper-split-export-declaration@^7.16.0":
    "integrity" "sha1-KWcvQ2Y+k23zcKrrIr7ds7rsdDg="
    "resolved" "https://registry.npmmirror.com/@babel/helper-split-export-declaration/download/@babel/helper-split-export-declaration-7.16.0.tgz"
    "version" "7.16.0"
    dependencies:
      "@babel/types" "^7.16.0"
  
  "@babel/helper-validator-identifier@^7.15.7":
    "integrity" "sha1-Ig35k7/pBKSmsCq08zhaXr9uI4k="
    "resolved" "https://registry.nlark.com/@babel/helper-validator-identifier/download/@babel/helper-validator-identifier-7.15.7.tgz?cache=0&sync_timestamp=1631920857390&other_urls=https%3A%2F%2Fregistry.nlark.com%2F%40babel%2Fhelper-validator-identifier%2Fdownload%2F%40babel%2Fhelper-validator-identifier-7.15.7.tgz"
    "version" "7.15.7"
  
  "@babel/helper-validator-option@^7.14.5":
    "integrity" "sha1-bnKh//GNXfy4eOHmLxoCHEty1aM="
    "resolved" "https://registry.nlark.com/@babel/helper-validator-option/download/@babel/helper-validator-option-7.14.5.tgz"
    "version" "7.14.5"
  
  "@babel/helpers@^7.16.0":
    "integrity" "sha512-Xn8IhDlBPhvYTvgewPKawhADichOsbkZuzN7qz2BusOM0brChsyXMDJvldWaYMMUNiCQdQzNEioXTp3sC8Nt8w=="
    "resolved" "https://registry.npmmirror.com/@babel/helpers/download/@babel/helpers-7.16.3.tgz"
    "version" "7.16.3"
    dependencies:
      "@babel/template" "^7.16.0"
      "@babel/traverse" "^7.16.3"
      "@babel/types" "^7.16.0"
  
  "@babel/highlight@^7.10.4", "@babel/highlight@^7.16.0":
    "integrity" "sha1-bOsysspLj182H7f9gh4/3fShclo="
    "resolved" "https://registry.npmmirror.com/@babel/highlight/download/@babel/highlight-7.16.0.tgz"
    "version" "7.16.0"
    dependencies:
      "@babel/helper-validator-identifier" "^7.15.7"
      "chalk" "^2.0.0"
      "js-tokens" "^4.0.0"
  
  "@babel/parser@^7.16.0", "@babel/parser@^7.16.3":
    "integrity" "sha512-6V0qdPUaiVHH3RtZeLIsc+6pDhbYzHR8ogA8w+f+Wc77DuXto19g2QUwveINoS34Uw+W8/hQDGJCx+i4n7xcng=="
    "resolved" "https://registry.npmmirror.com/@babel/parser/download/@babel/parser-7.16.4.tgz?cache=0&sync_timestamp=1637102821115&other_urls=https%3A%2F%2Fregistry.npmmirror.com%2F%40babel%2Fparser%2Fdownload%2F%40babel%2Fparser-7.16.4.tgz"
    "version" "7.16.4"
  
  "@babel/plugin-syntax-jsx@^7.16.0":
    "integrity" "sha1-+WJDlDFzZamojII1jT+EcRVGmPE="
    "resolved" "https://registry.npmmirror.com/@babel/plugin-syntax-jsx/download/@babel/plugin-syntax-jsx-7.16.0.tgz"
    "version" "7.16.0"
    dependencies:
      "@babel/helper-plugin-utils" "^7.14.5"
  
  "@babel/plugin-transform-react-jsx-development@^7.16.0":
    "integrity" "sha1-HLUodGeNI6sR0NFkiNVHMIBzA+8="
    "resolved" "https://registry.npmmirror.com/@babel/plugin-transform-react-jsx-development/download/@babel/plugin-transform-react-jsx-development-7.16.0.tgz"
    "version" "7.16.0"
    dependencies:
      "@babel/plugin-transform-react-jsx" "^7.16.0"
  
  "@babel/plugin-transform-react-jsx-self@^7.16.0":
    "integrity" "sha1-CSAhWKu8cWoIMw85K/uY1rms+gw="
    "resolved" "https://registry.npmmirror.com/@babel/plugin-transform-react-jsx-self/download/@babel/plugin-transform-react-jsx-self-7.16.0.tgz?cache=0&sync_timestamp=1635892042659&other_urls=https%3A%2F%2Fregistry.npmmirror.com%2F%40babel%2Fplugin-transform-react-jsx-self%2Fdownload%2F%40babel%2Fplugin-transform-react-jsx-self-7.16.0.tgz"
    "version" "7.16.0"
    dependencies:
      "@babel/helper-plugin-utils" "^7.14.5"
  
  "@babel/plugin-transform-react-jsx-source@^7.16.0":
    "integrity" "sha1-1AyVnXgDquOCJFlFhXSGk+hMCiI="
    "resolved" "https://registry.npmmirror.com/@babel/plugin-transform-react-jsx-source/download/@babel/plugin-transform-react-jsx-source-7.16.0.tgz"
    "version" "7.16.0"
    dependencies:
      "@babel/helper-plugin-utils" "^7.14.5"
  
  "@babel/plugin-transform-react-jsx@^7.16.0":
    "integrity" "sha1-VbeX1JYMPeBOB60cBHbivGpIifE="
    "resolved" "https://registry.npmmirror.com/@babel/plugin-transform-react-jsx/download/@babel/plugin-transform-react-jsx-7.16.0.tgz"
    "version" "7.16.0"
    dependencies:
      "@babel/helper-annotate-as-pure" "^7.16.0"
      "@babel/helper-module-imports" "^7.16.0"
      "@babel/helper-plugin-utils" "^7.14.5"
      "@babel/plugin-syntax-jsx" "^7.16.0"
      "@babel/types" "^7.16.0"
  
  "@babel/template@^7.16.0":
    "integrity" "sha1-0Wo16/TNdOICCDNW+rId2JNj3dY="
    "resolved" "https://registry.npmmirror.com/@babel/template/download/@babel/template-7.16.0.tgz"
    "version" "7.16.0"
    dependencies:
      "@babel/code-frame" "^7.16.0"
      "@babel/parser" "^7.16.0"
      "@babel/types" "^7.16.0"
  
  "@babel/traverse@^7.16.0", "@babel/traverse@^7.16.3":
    "integrity" "sha512-eolumr1vVMjqevCpwVO99yN/LoGL0EyHiLO5I043aYQvwOJ9eR5UsZSClHVCzfhBduMAsSzgA/6AyqPjNayJag=="
    "resolved" "https://registry.npmmirror.com/@babel/traverse/download/@babel/traverse-7.16.3.tgz?cache=0&sync_timestamp=1636496073752&other_urls=https%3A%2F%2Fregistry.npmmirror.com%2F%40babel%2Ftraverse%2Fdownload%2F%40babel%2Ftraverse-7.16.3.tgz"
    "version" "7.16.3"
    dependencies:
      "@babel/code-frame" "^7.16.0"
      "@babel/generator" "^7.16.0"
      "@babel/helper-function-name" "^7.16.0"
      "@babel/helper-hoist-variables" "^7.16.0"
      "@babel/helper-split-export-declaration" "^7.16.0"
      "@babel/parser" "^7.16.3"
      "@babel/types" "^7.16.0"
      "debug" "^4.1.0"
      "globals" "^11.1.0"
  
  "@babel/types@^7.16.0":
    "integrity" "sha1-2zsxOAT5aq3Qt3bEgj4SetZyibo="
    "resolved" "https://registry.npmmirror.com/@babel/types/download/@babel/types-7.16.0.tgz"
    "version" "7.16.0"
    dependencies:
      "@babel/helper-validator-identifier" "^7.15.7"
      "to-fast-properties" "^2.0.0"
  
  "@eslint/eslintrc@^0.4.3":
    "integrity" "sha512-J6KFFz5QCYUJq3pf0mjEcCJVERbzv71PUIDczuh9JkwGEzced6CO5ADLHB1rbf/+oPBtoPfMYNOpGDzCANlbXw=="
    "resolved" "https://registry.npmjs.org/@eslint/eslintrc/-/eslintrc-0.4.3.tgz"
    "version" "0.4.3"
    dependencies:
      "ajv" "^6.12.4"
      "debug" "^4.1.1"
      "espree" "^7.3.0"
      "globals" "^13.9.0"
      "ignore" "^4.0.6"
      "import-fresh" "^3.2.1"
      "js-yaml" "^3.13.1"
      "minimatch" "^3.0.4"
      "strip-json-comments" "^3.1.1"
  
  "@humanwhocodes/config-array@^0.5.0":
    "integrity" "sha512-FagtKFz74XrTl7y6HCzQpwDfXP0yhxe9lHLD1UZxjvZIcbyRz8zTFF/yYNfSfzU414eDwZ1SrO0Qvtyf+wFMQg=="
    "resolved" "https://registry.npmjs.org/@humanwhocodes/config-array/-/config-array-0.5.0.tgz"
    "version" "0.5.0"
    dependencies:
      "@humanwhocodes/object-schema" "^1.2.0"
      "debug" "^4.1.1"
      "minimatch" "^3.0.4"
  
  "@humanwhocodes/object-schema@^1.2.0":
    "integrity" "sha512-ZnQMnLV4e7hDlUvw8H+U8ASL02SS2Gn6+9Ac3wGGLIe7+je2AeAOxPY+izIPJDfFDb7eDjev0Us8MO1iFRN8hA=="
    "resolved" "https://registry.npmjs.org/@humanwhocodes/object-schema/-/object-schema-1.2.1.tgz"
    "version" "1.2.1"
  
  "@nodelib/fs.scandir@2.1.5":
    "integrity" "sha512-vq24Bq3ym5HEQm2NKCr3yXDwjc7vTsEThRDnkp2DK9p1uqLR+DHurm/NOTo0KG7HYHU7eppKZj3MyqYuMBf62g=="
    "resolved" "https://registry.npmjs.org/@nodelib/fs.scandir/-/fs.scandir-2.1.5.tgz"
    "version" "2.1.5"
    dependencies:
      "@nodelib/fs.stat" "2.0.5"
      "run-parallel" "^1.1.9"
  
  "@nodelib/fs.stat@^2.0.2", "@nodelib/fs.stat@2.0.5":
    "integrity" "sha512-RkhPPp2zrqDAQA/2jNhnztcPAlv64XdhIp7a7454A5ovI7Bukxgt7MX7udwAu3zg1DcpPU0rz3VV1SeaqvY4+A=="
    "resolved" "https://registry.npmjs.org/@nodelib/fs.stat/-/fs.stat-2.0.5.tgz"
    "version" "2.0.5"
  
  "@nodelib/fs.walk@^1.2.3":
    "integrity" "sha512-oGB+UxlgWcgQkgwo8GcEGwemoTFt3FIO9ababBmaGwXIoBKZ+GTy0pP185beGg7Llih/NSHSV2XAs1lnznocSg=="
    "resolved" "https://registry.npmjs.org/@nodelib/fs.walk/-/fs.walk-1.2.8.tgz"
    "version" "1.2.8"
    dependencies:
      "@nodelib/fs.scandir" "2.1.5"
      "fastq" "^1.6.0"
  
  "@rollup/pluginutils@^4.1.1":
    "integrity" "sha1-HU2obdTt7RVlalfZM/2iuaCNR+w="
    "resolved" "https://registry.nlark.com/@rollup/pluginutils/download/@rollup/pluginutils-4.1.1.tgz?cache=0&sync_timestamp=1626393703548&other_urls=https%3A%2F%2Fregistry.nlark.com%2F%40rollup%2Fpluginutils%2Fdownload%2F%40rollup%2Fpluginutils-4.1.1.tgz"
    "version" "4.1.1"
    dependencies:
      "estree-walker" "^2.0.1"
      "picomatch" "^2.2.2"
  
  "@types/json-schema@^7.0.9":
    "integrity" "sha512-qcUXuemtEu+E5wZSJHNxUXeCZhAfXKQ41D+duX+VYPde7xyEVZci+/oXKJL13tnRs9lR2pr4fod59GT6/X1/yQ=="
    "resolved" "https://registry.npmjs.org/@types/json-schema/-/json-schema-7.0.9.tgz"
    "version" "7.0.9"
  
  "@types/json5@^0.0.29":
    "integrity" "sha1-7ihweulOEdK4J7y+UnC86n8+ce4="
    "resolved" "https://registry.npmjs.org/@types/json5/-/json5-0.0.29.tgz"
    "version" "0.0.29"
  
  "@types/prop-types@*":
    "integrity" "sha1-/PcgXCXf95Xuea8eMNosl5CAjxE="
    "resolved" "https://registry.npmmirror.com/@types/prop-types/download/@types/prop-types-15.7.4.tgz?cache=0&sync_timestamp=1637270164807&other_urls=https%3A%2F%2Fregistry.npmmirror.com%2F%40types%2Fprop-types%2Fdownload%2F%40types%2Fprop-types-15.7.4.tgz"
    "version" "15.7.4"
  
  "@types/react-dom@^17.0.10":
    "integrity" "sha1-4ercPF6GvbX3aE4AJ0riKOe8xGY="
    "resolved" "https://registry.npmmirror.com/@types/react-dom/download/@types/react-dom-17.0.11.tgz?cache=0&sync_timestamp=1637269988464&other_urls=https%3A%2F%2Fregistry.npmmirror.com%2F%40types%2Freact-dom%2Fdownload%2F%40types%2Freact-dom-17.0.11.tgz"
    "version" "17.0.11"
    dependencies:
      "@types/react" "*"
  
  "@types/react@*", "@types/react@^17.0.33":
    "integrity" "sha512-2FS1oTqBGcH/s0E+CjrCCR9+JMpsu9b69RTFO+40ua43ZqP5MmQ4iUde/dMjWR909KxZwmOQIFq6AV6NjEG5xg=="
    "resolved" "https://registry.npmmirror.com/@types/react/download/@types/react-17.0.37.tgz"
    "version" "17.0.37"
    dependencies:
      "@types/prop-types" "*"
      "@types/scheduler" "*"
      "csstype" "^3.0.2"
  
  "@types/scheduler@*":
    "integrity" "sha1-GmL4lSVyPd4kuhsBsJK/XfitTTk="
    "resolved" "https://registry.npmmirror.com/@types/scheduler/download/@types/scheduler-0.16.2.tgz?cache=0&sync_timestamp=1637270322974&other_urls=https%3A%2F%2Fregistry.npmmirror.com%2F%40types%2Fscheduler%2Fdownload%2F%40types%2Fscheduler-0.16.2.tgz"
    "version" "0.16.2"
  
  "@typescript-eslint/eslint-plugin@^5.6.0":
    "integrity" "sha512-MIbeMy5qfLqtgs1hWd088k1hOuRsN9JrHUPwVVKCD99EOUqScd7SrwoZl4Gso05EAP9w1kvLWUVGJOVpRPkDPA=="
    "resolved" "https://registry.npmjs.org/@typescript-eslint/eslint-plugin/-/eslint-plugin-5.6.0.tgz"
    "version" "5.6.0"
    dependencies:
      "@typescript-eslint/experimental-utils" "5.6.0"
      "@typescript-eslint/scope-manager" "5.6.0"
      "debug" "^4.3.2"
      "functional-red-black-tree" "^1.0.1"
      "ignore" "^5.1.8"
      "regexpp" "^3.2.0"
      "semver" "^7.3.5"
      "tsutils" "^3.21.0"
  
  "@typescript-eslint/experimental-utils@5.6.0":
    "integrity" "sha512-VDoRf3Qj7+W3sS/ZBXZh3LBzp0snDLEgvp6qj0vOAIiAPM07bd5ojQ3CTzF/QFl5AKh7Bh1ycgj6lFBJHUt/DA=="
    "resolved" "https://registry.npmjs.org/@typescript-eslint/experimental-utils/-/experimental-utils-5.6.0.tgz"
    "version" "5.6.0"
    dependencies:
      "@types/json-schema" "^7.0.9"
      "@typescript-eslint/scope-manager" "5.6.0"
      "@typescript-eslint/types" "5.6.0"
      "@typescript-eslint/typescript-estree" "5.6.0"
      "eslint-scope" "^5.1.1"
      "eslint-utils" "^3.0.0"
  
  "@typescript-eslint/parser@^5.0.0", "@typescript-eslint/parser@^5.6.0":
    "integrity" "sha512-YVK49NgdUPQ8SpCZaOpiq1kLkYRPMv9U5gcMrywzI8brtwZjr/tG3sZpuHyODt76W/A0SufNjYt9ZOgrC4tLIQ=="
    "resolved" "https://registry.npmjs.org/@typescript-eslint/parser/-/parser-5.6.0.tgz"
    "version" "5.6.0"
    dependencies:
      "@typescript-eslint/scope-manager" "5.6.0"
      "@typescript-eslint/types" "5.6.0"
      "@typescript-eslint/typescript-estree" "5.6.0"
      "debug" "^4.3.2"
  
  "@typescript-eslint/scope-manager@5.6.0":
    "integrity" "sha512-1U1G77Hw2jsGWVsO2w6eVCbOg0HZ5WxL/cozVSTfqnL/eB9muhb8THsP0G3w+BB5xAHv9KptwdfYFAUfzcIh4A=="
    "resolved" "https://registry.npmjs.org/@typescript-eslint/scope-manager/-/scope-manager-5.6.0.tgz"
    "version" "5.6.0"
    dependencies:
      "@typescript-eslint/types" "5.6.0"
      "@typescript-eslint/visitor-keys" "5.6.0"
  
  "@typescript-eslint/types@5.6.0":
    "integrity" "sha512-OIZffked7mXv4mXzWU5MgAEbCf9ecNJBKi+Si6/I9PpTaj+cf2x58h2oHW5/P/yTnPkKaayfjhLvx+crnl5ubA=="
    "resolved" "https://registry.npmjs.org/@typescript-eslint/types/-/types-5.6.0.tgz"
    "version" "5.6.0"
  
  "@typescript-eslint/typescript-estree@5.6.0":
    "integrity" "sha512-92vK5tQaE81rK7fOmuWMrSQtK1IMonESR+RJR2Tlc7w4o0MeEdjgidY/uO2Gobh7z4Q1hhS94Cr7r021fMVEeA=="
    "resolved" "https://registry.npmjs.org/@typescript-eslint/typescript-estree/-/typescript-estree-5.6.0.tgz"
    "version" "5.6.0"
    dependencies:
      "@typescript-eslint/types" "5.6.0"
      "@typescript-eslint/visitor-keys" "5.6.0"
      "debug" "^4.3.2"
      "globby" "^11.0.4"
      "is-glob" "^4.0.3"
      "semver" "^7.3.5"
      "tsutils" "^3.21.0"
  
  "@typescript-eslint/visitor-keys@5.6.0":
    "integrity" "sha512-1p7hDp5cpRFUyE3+lvA74egs+RWSgumrBpzBCDzfTFv0aQ7lIeay80yU0hIxgAhwQ6PcasW35kaOCyDOv6O/Ng=="
    "resolved" "https://registry.npmjs.org/@typescript-eslint/visitor-keys/-/visitor-keys-5.6.0.tgz"
    "version" "5.6.0"
    dependencies:
      "@typescript-eslint/types" "5.6.0"
      "eslint-visitor-keys" "^3.0.0"
  
  "@vitejs/plugin-react@^1.0.7":
    "integrity" "sha512-IJSRD4culdwQ6cRK0D1mstV1vdvYSb2HK1JQ1FDo6Hr7j5ppWJEwBC2v/Gy0h/A1lMmi4AnXACY/d10EgbQNEA=="
    "resolved" "https://registry.npmmirror.com/@vitejs/plugin-react/download/@vitejs/plugin-react-1.1.1.tgz"
    "version" "1.1.1"
    dependencies:
      "@babel/core" "^7.16.0"
      "@babel/plugin-transform-react-jsx" "^7.16.0"
      "@babel/plugin-transform-react-jsx-development" "^7.16.0"
      "@babel/plugin-transform-react-jsx-self" "^7.16.0"
      "@babel/plugin-transform-react-jsx-source" "^7.16.0"
      "@rollup/pluginutils" "^4.1.1"
      "react-refresh" "^0.11.0"
      "resolve" "^1.20.0"
  
  "acorn-jsx@^5.3.1":
    "integrity" "sha512-rq9s+JNhf0IChjtDXxllJ7g41oZk5SlXtp0LHwyA5cejwn7vKmKp4pPri6YEePv2PU65sAsegbXtIinmDFDXgQ=="
    "resolved" "https://registry.npmjs.org/acorn-jsx/-/acorn-jsx-5.3.2.tgz"
    "version" "5.3.2"
  
  "acorn@^6.0.0 || ^7.0.0 || ^8.0.0", "acorn@^7.4.0":
    "integrity" "sha512-nQyp0o1/mNdbTO1PO6kHkwSrmgZ0MT/jCCpNiwbUjGoRN4dlBhqJtoQuCnEOKzgTVwg0ZWiCoQy6SxMebQVh8A=="
    "resolved" "https://registry.npmjs.org/acorn/-/acorn-7.4.1.tgz"
    "version" "7.4.1"
  
  "ajv@^6.10.0", "ajv@^6.12.4":
    "integrity" "sha512-j3fVLgvTo527anyYyJOGTYJbG+vnnQYvE0m5mmkc1TK+nxAppkCLMIL0aZ4dblVCNoGShhm+kzE4ZUykBoMg4g=="
    "resolved" "https://registry.npmjs.org/ajv/-/ajv-6.12.6.tgz"
    "version" "6.12.6"
    dependencies:
      "fast-deep-equal" "^3.1.1"
      "fast-json-stable-stringify" "^2.0.0"
      "json-schema-traverse" "^0.4.1"
      "uri-js" "^4.2.2"
  
  "ajv@^8.0.1":
    "integrity" "sha512-x9VuX+R/jcFj1DHo/fCp99esgGDWiHENrKxaCENuCxpoMCmAt/COCGVDwA7kleEpEzJjDnvh3yGoOuLu0Dtllw=="
    "resolved" "https://registry.npmjs.org/ajv/-/ajv-8.8.2.tgz"
    "version" "8.8.2"
    dependencies:
      "fast-deep-equal" "^3.1.1"
      "json-schema-traverse" "^1.0.0"
      "require-from-string" "^2.0.2"
      "uri-js" "^4.2.2"
  
  "ansi-colors@^4.1.1":
    "integrity" "sha1-y7muJWv3UK8eqzRPIpqif+lLo0g="
    "resolved" "https://registry.npm.taobao.org/ansi-colors/download/ansi-colors-4.1.1.tgz"
    "version" "4.1.1"
  
  "ansi-regex@^5.0.1":
    "integrity" "sha1-CCyyyJyf6GWaMRpTvWpNxTAdswQ="
    "resolved" "https://registry.nlark.com/ansi-regex/download/ansi-regex-5.0.1.tgz?cache=0&sync_timestamp=1631634988487&other_urls=https%3A%2F%2Fregistry.nlark.com%2Fansi-regex%2Fdownload%2Fansi-regex-5.0.1.tgz"
    "version" "5.0.1"
  
  "ansi-styles@^3.2.1":
    "integrity" "sha1-QfuyAkPlCxK+DwS43tvwdSDOhB0="
    "resolved" "https://registry.nlark.com/ansi-styles/download/ansi-styles-3.2.1.tgz"
    "version" "3.2.1"
    dependencies:
      "color-convert" "^1.9.0"
  
  "ansi-styles@^4.0.0", "ansi-styles@^4.1.0":
    "integrity" "sha1-7dgDYornHATIWuegkG7a00tkiTc="
    "resolved" "https://registry.nlark.com/ansi-styles/download/ansi-styles-4.3.0.tgz"
    "version" "4.3.0"
    dependencies:
      "color-convert" "^2.0.1"
  
  "argparse@^1.0.7":
    "integrity" "sha512-o5Roy6tNG4SL/FOkCAN6RzjiakZS25RLYFrcMttJqbdd8BWrnA+fGz57iN5Pb06pvBGvl5gQ0B48dJlslXvoTg=="
    "resolved" "https://registry.npmjs.org/argparse/-/argparse-1.0.10.tgz"
    "version" "1.0.10"
    dependencies:
      "sprintf-js" "~1.0.2"
  
  "array-includes@^3.1.3", "array-includes@^3.1.4":
    "integrity" "sha512-ZTNSQkmWumEbiHO2GF4GmWxYVTiQyJy2XOTa15sdQSrvKn7l+180egQMqlrMOUMCyLMD7pmyQe4mMDUT6Behrw=="
    "resolved" "https://registry.npmjs.org/array-includes/-/array-includes-3.1.4.tgz"
    "version" "3.1.4"
    dependencies:
      "call-bind" "^1.0.2"
      "define-properties" "^1.1.3"
      "es-abstract" "^1.19.1"
      "get-intrinsic" "^1.1.1"
      "is-string" "^1.0.7"
  
  "array-union@^2.1.0":
    "integrity" "sha512-HGyxoOTYUyCM6stUe6EJgnd4EoewAI7zMdfqO+kGjnlZmBDz/cR5pf8r/cR4Wq60sL/p0IkcjUEEPwS3GFrIyw=="
    "resolved" "https://registry.npmjs.org/array-union/-/array-union-2.1.0.tgz"
    "version" "2.1.0"
  
  "array.prototype.flat@^1.2.5":
    "integrity" "sha512-KaYU+S+ndVqyUnignHftkwc58o3uVU1jzczILJ1tN2YaIZpFIKBiP/x/j97E5MVPsaCloPbqWLB/8qCTVvT2qg=="
    "resolved" "https://registry.npmjs.org/array.prototype.flat/-/array.prototype.flat-1.2.5.tgz"
    "version" "1.2.5"
    dependencies:
      "call-bind" "^1.0.2"
      "define-properties" "^1.1.3"
      "es-abstract" "^1.19.0"
  
  "array.prototype.flatmap@^1.2.5":
    "integrity" "sha512-08u6rVyi1Lj7oqWbS9nUxliETrtIROT4XGTA4D/LWGten6E3ocm7cy9SIrmNHOL5XVbVuckUp3X6Xyg8/zpvHA=="
    "resolved" "https://registry.npmjs.org/array.prototype.flatmap/-/array.prototype.flatmap-1.2.5.tgz"
    "version" "1.2.5"
    dependencies:
      "call-bind" "^1.0.0"
      "define-properties" "^1.1.3"
      "es-abstract" "^1.19.0"
  
  "astral-regex@^2.0.0":
    "integrity" "sha512-Z7tMw1ytTXt5jqMcOP+OQteU1VuNK9Y02uuJtKQ1Sv69jXQKKg5cibLwGJow8yzZP+eAc18EmLGPal0bp36rvQ=="
    "resolved" "https://registry.npmjs.org/astral-regex/-/astral-regex-2.0.0.tgz"
    "version" "2.0.0"
  
  "balanced-match@^1.0.0":
    "integrity" "sha1-6D46fj8wCzTLnYf2FfoMvzV2kO4="
    "resolved" "https://registry.npm.taobao.org/balanced-match/download/balanced-match-1.0.2.tgz"
    "version" "1.0.2"
  
  "brace-expansion@^1.1.7":
    "integrity" "sha1-PH/L9SnYcibz0vUrlm/1Jx60Qd0="
    "resolved" "https://registry.npm.taobao.org/brace-expansion/download/brace-expansion-1.1.11.tgz"
    "version" "1.1.11"
    dependencies:
      "balanced-match" "^1.0.0"
      "concat-map" "0.0.1"
  
  "braces@^3.0.1":
    "integrity" "sha512-b8um+L1RzM3WDSzvhm6gIz1yfTbBt6YTlcEKAvsmqCZZFw46z626lVj9j1yEPW33H5H+lBQpZMP1k8l+78Ha0A=="
    "resolved" "https://registry.npmjs.org/braces/-/braces-3.0.2.tgz"
    "version" "3.0.2"
    dependencies:
      "fill-range" "^7.0.1"
  
  "browserslist@^4.17.5":
    "integrity" "sha512-8ScCzdpPwR2wQh8IT82CA2VgDwjHyqMovPBZSNH54+tm4Jk2pCuv90gmAdH6J84OCRWi0b4gMe6O6XPXuJnjgQ=="
    "resolved" "https://registry.npmmirror.com/browserslist/download/browserslist-4.18.1.tgz?cache=0&sync_timestamp=1636994462878&other_urls=https%3A%2F%2Fregistry.npmmirror.com%2Fbrowserslist%2Fdownload%2Fbrowserslist-4.18.1.tgz"
    "version" "4.18.1"
    dependencies:
      "caniuse-lite" "^1.0.30001280"
      "electron-to-chromium" "^1.3.896"
      "escalade" "^3.1.1"
      "node-releases" "^2.0.1"
      "picocolors" "^1.0.0"
  
  "call-bind@^1.0.0", "call-bind@^1.0.2":
    "integrity" "sha512-7O+FbCihrB5WGbFYesctwmTKae6rOiIzmz1icreWJ+0aA7LJfuqhEso2T9ncpcFtzMQtzXf2QGGueWJGTYsqrA=="
    "resolved" "https://registry.npmjs.org/call-bind/-/call-bind-1.0.2.tgz"
    "version" "1.0.2"
    dependencies:
      "function-bind" "^1.1.1"
      "get-intrinsic" "^1.0.2"
  
  "callsites@^3.0.0":
    "integrity" "sha512-P8BjAsXvZS+VIDUI11hHCQEv74YT67YUi5JJFNWIqL235sBmjX4+qx9Muvls5ivyNENctx46xQLQ3aTuE7ssaQ=="
    "resolved" "https://registry.npmjs.org/callsites/-/callsites-3.1.0.tgz"
    "version" "3.1.0"
  
  "caniuse-lite@^1.0.30001280":
    "integrity" "sha512-zaEMRH6xg8ESMi2eQ3R4eZ5qw/hJiVsO/HlLwniIwErij0JDr9P+8V4dtx1l+kLq6j3yy8l8W4fst1lBnat5wQ=="
    "resolved" "https://registry.npmmirror.com/caniuse-lite/download/caniuse-lite-1.0.30001286.tgz"
    "version" "1.0.30001286"
  
  "chalk@^2.0.0":
    "integrity" "sha1-zUJUFnelQzPPVBpJEIwUMrRMlCQ="
    "resolved" "https://registry.npmmirror.com/chalk/download/chalk-2.4.2.tgz"
    "version" "2.4.2"
    dependencies:
      "ansi-styles" "^3.2.1"
      "escape-string-regexp" "^1.0.5"
      "supports-color" "^5.3.0"
  
  "chalk@^4.0.0":
    "integrity" "sha1-qsTit3NKdAhnrrFr8CqtVWoeegE="
    "resolved" "https://registry.npmmirror.com/chalk/download/chalk-4.1.2.tgz"
    "version" "4.1.2"
    dependencies:
      "ansi-styles" "^4.1.0"
      "supports-color" "^7.1.0"
  
  "color-convert@^1.9.0":
    "integrity" "sha1-u3GFBpDh8TZWfeYp0tVHHe2kweg="
    "resolved" "https://registry.npm.taobao.org/color-convert/download/color-convert-1.9.3.tgz"
    "version" "1.9.3"
    dependencies:
      "color-name" "1.1.3"
  
  "color-convert@^2.0.1":
    "integrity" "sha1-ctOmjVmMm9s68q0ehPIdiWq9TeM="
    "resolved" "https://registry.npm.taobao.org/color-convert/download/color-convert-2.0.1.tgz"
    "version" "2.0.1"
    dependencies:
      "color-name" "~1.1.4"
  
  "color-name@~1.1.4":
    "integrity" "sha1-wqCah6y95pVD3m9j+jmVyCbFNqI="
    "resolved" "https://registry.nlark.com/color-name/download/color-name-1.1.4.tgz"
    "version" "1.1.4"
  
  "color-name@1.1.3":
    "integrity" "sha1-p9BVi9icQveV3UIyj3QIMcpTvCU="
    "resolved" "https://registry.npm.taobao.org/color-name/download/color-name-1.1.3.tgz"
    "version" "1.1.3"
  
  "concat-map@0.0.1":
    "integrity" "sha1-2Klr13/Wjfd5OnMDajug1UBdR3s="
    "resolved" "https://registry.nlark.com/concat-map/download/concat-map-0.0.1.tgz"
    "version" "0.0.1"
  
  "convert-source-map@^1.7.0":
    "integrity" "sha1-8zc8MtIbTXgN2ABFFGhPt5HKQ2k="
    "resolved" "https://registry.nlark.com/convert-source-map/download/convert-source-map-1.8.0.tgz?cache=0&sync_timestamp=1624045304679&other_urls=https%3A%2F%2Fregistry.nlark.com%2Fconvert-source-map%2Fdownload%2Fconvert-source-map-1.8.0.tgz"
    "version" "1.8.0"
    dependencies:
      "safe-buffer" "~5.1.1"
  
  "cross-spawn@^7.0.2":
    "integrity" "sha1-9zqFudXUHQRVUcF34ogtSshXKKY="
    "resolved" "https://registry.nlark.com/cross-spawn/download/cross-spawn-7.0.3.tgz"
    "version" "7.0.3"
    dependencies:
      "path-key" "^3.1.0"
      "shebang-command" "^2.0.0"
      "which" "^2.0.1"
  
  "csstype@^3.0.2":
    "integrity" "sha512-2u44ZG2OcNUO9HDp/Jl8C07x6pU/eTR3ncV91SiK3dhG9TWvRVsCoJw14Ckx5DgWkzGA3waZWO3d7pgqpUI/XA=="
    "resolved" "https://registry.npmmirror.com/csstype/download/csstype-3.0.10.tgz?cache=0&sync_timestamp=1637224514674&other_urls=https%3A%2F%2Fregistry.npmmirror.com%2Fcsstype%2Fdownload%2Fcsstype-3.0.10.tgz"
    "version" "3.0.10"
  
  "debug@^2.6.9":
    "integrity" "sha512-bC7ElrdJaJnPbAP+1EotYvqZsb3ecl5wi6Bfi6BJTUcNowp6cvspg0jXznRTKDjm/E7AdgFBVeAPVMNcKGsHMA=="
    "resolved" "https://registry.npmjs.org/debug/-/debug-2.6.9.tgz"
    "version" "2.6.9"
    dependencies:
      "ms" "2.0.0"
  
  "debug@^3.2.7":
    "integrity" "sha512-CFjzYYAi4ThfiQvizrFQevTTXHtnCqWfe7x1AhgEscTz6ZbLbfoLRLPugTQyBth6f8ZERVUSyWHFD/7Wu4t1XQ=="
    "resolved" "https://registry.npmjs.org/debug/-/debug-3.2.7.tgz"
    "version" "3.2.7"
    dependencies:
      "ms" "^2.1.1"
  
  "debug@^4.0.1", "debug@^4.1.0", "debug@^4.1.1", "debug@^4.3.2":
    "integrity" "sha512-/zxw5+vh1Tfv+4Qn7a5nsbcJKPaSvCDhojn6FEl9vupwK2VCSDtEiEtqr8DFtzYFOdz63LBkxec7DYuc2jon6Q=="
    "resolved" "https://registry.npmmirror.com/debug/download/debug-4.3.3.tgz"
    "version" "4.3.3"
    dependencies:
      "ms" "2.1.2"
  
  "deep-is@^0.1.3":
    "integrity" "sha1-pvLc5hL63S7x9Rm3NVHxfoUZmDE="
    "resolved" "https://registry.nlark.com/deep-is/download/deep-is-0.1.4.tgz?cache=0&other_urls=https%3A%2F%2Fregistry.nlark.com%2Fdeep-is%2Fdownload%2Fdeep-is-0.1.4.tgz"
    "version" "0.1.4"
  
  "define-properties@^1.1.3":
    "integrity" "sha512-3MqfYKj2lLzdMSf8ZIZE/V+Zuy+BgD6f164e8K2w7dgnpKArBDerGYpM46IYYcjnkdPNMjPk9A6VFB8+3SKlXQ=="
    "resolved" "https://registry.npmjs.org/define-properties/-/define-properties-1.1.3.tgz"
    "version" "1.1.3"
    dependencies:
      "object-keys" "^1.0.12"
  
  "dir-glob@^3.0.1":
    "integrity" "sha512-WkrWp9GR4KXfKGYzOLmTuGVi1UWFfws377n9cc55/tb6DuqyF6pcQ5AbiHEshaDpY9v6oaSr2XCDidGmMwdzIA=="
    "resolved" "https://registry.npmjs.org/dir-glob/-/dir-glob-3.0.1.tgz"
    "version" "3.0.1"
    dependencies:
      "path-type" "^4.0.0"
  
  "doctrine@^2.1.0":
    "integrity" "sha512-35mSku4ZXK0vfCuHEDAwt55dg2jNajHZ1odvF+8SSr82EsZY4QmXfuWso8oEd8zRhVObSN18aM0CjSdoBX7zIw=="
    "resolved" "https://registry.npmjs.org/doctrine/-/doctrine-2.1.0.tgz"
    "version" "2.1.0"
    dependencies:
      "esutils" "^2.0.2"
  
  "doctrine@^3.0.0":
    "integrity" "sha1-rd6+rXKmV023g2OdyHoSF3OXOWE="
    "resolved" "https://registry.nlark.com/doctrine/download/doctrine-3.0.0.tgz"
    "version" "3.0.0"
    dependencies:
      "esutils" "^2.0.2"
  
  "electron-to-chromium@^1.3.896":
    "integrity" "sha512-RsGkAN9JEAYMObS72kzUsPPcPGMqX1rBqGuXi9aa4TBKLzICoLf+DAAtd0fVFzrniJqYzpby47gthCUoObfs0Q=="
    "resolved" "https://registry.npmmirror.com/electron-to-chromium/download/electron-to-chromium-1.4.14.tgz"
    "version" "1.4.14"
  
  "emoji-regex@^8.0.0":
    "integrity" "sha512-MSjYzcWNOA0ewAHpz0MxpYFvwg6yjy1NG3xteoqz644VCo/RPgnr1/GGt+ic3iJTzQ8Eu3TdM14SawnVUmGE6A=="
    "resolved" "https://registry.npmjs.org/emoji-regex/-/emoji-regex-8.0.0.tgz"
    "version" "8.0.0"
  
  "enquirer@^2.3.5":
    "integrity" "sha1-Kn/l3WNKHkElqXXsmU/1RW3Dc00="
    "resolved" "https://registry.nlark.com/enquirer/download/enquirer-2.3.6.tgz"
    "version" "2.3.6"
    dependencies:
      "ansi-colors" "^4.1.1"
  
  "es-abstract@^1.19.0", "es-abstract@^1.19.1":
    "integrity" "sha512-2vJ6tjA/UfqLm2MPs7jxVybLoB8i1t1Jd9R3kISld20sIxPcTbLuggQOUxeWeAvIUkduv/CfMjuh4WmiXr2v9w=="
    "resolved" "https://registry.npmjs.org/es-abstract/-/es-abstract-1.19.1.tgz"
    "version" "1.19.1"
    dependencies:
      "call-bind" "^1.0.2"
      "es-to-primitive" "^1.2.1"
      "function-bind" "^1.1.1"
      "get-intrinsic" "^1.1.1"
      "get-symbol-description" "^1.0.0"
      "has" "^1.0.3"
      "has-symbols" "^1.0.2"
      "internal-slot" "^1.0.3"
      "is-callable" "^1.2.4"
      "is-negative-zero" "^2.0.1"
      "is-regex" "^1.1.4"
      "is-shared-array-buffer" "^1.0.1"
      "is-string" "^1.0.7"
      "is-weakref" "^1.0.1"
      "object-inspect" "^1.11.0"
      "object-keys" "^1.1.1"
      "object.assign" "^4.1.2"
      "string.prototype.trimend" "^1.0.4"
      "string.prototype.trimstart" "^1.0.4"
      "unbox-primitive" "^1.0.1"
  
  "es-to-primitive@^1.2.1":
    "integrity" "sha512-QCOllgZJtaUo9miYBcLChTUaHNjJF3PYs1VidD7AwiEj1kYxKeQTctLAezAOH5ZKRH0g2IgPn6KwB4IT8iRpvA=="
    "resolved" "https://registry.npmjs.org/es-to-primitive/-/es-to-primitive-1.2.1.tgz"
    "version" "1.2.1"
    dependencies:
      "is-callable" "^1.1.4"
      "is-date-object" "^1.0.1"
      "is-symbol" "^1.0.2"
  
  "esbuild-windows-64@0.13.15":
    "integrity" "sha512-9aMsPRGDWCd3bGjUIKG/ZOJPKsiztlxl/Q3C1XDswO6eNX/Jtwu4M+jb6YDH9hRSUflQWX0XKAfWzgy5Wk54JQ=="
    "resolved" "https://registry.npmmirror.com/esbuild-windows-64/download/esbuild-windows-64-0.13.15.tgz"
    "version" "0.13.15"
  
  "esbuild@^0.13.12":
    "integrity" "sha512-raCxt02HBKv8RJxE8vkTSCXGIyKHdEdGfUmiYb8wnabnaEmHzyW7DCHb5tEN0xU8ryqg5xw54mcwnYkC4x3AIw=="
    "resolved" "https://registry.npmmirror.com/esbuild/download/esbuild-0.13.15.tgz"
    "version" "0.13.15"
    optionalDependencies:
      "esbuild-android-arm64" "0.13.15"
      "esbuild-darwin-64" "0.13.15"
      "esbuild-darwin-arm64" "0.13.15"
      "esbuild-freebsd-64" "0.13.15"
      "esbuild-freebsd-arm64" "0.13.15"
      "esbuild-linux-32" "0.13.15"
      "esbuild-linux-64" "0.13.15"
      "esbuild-linux-arm" "0.13.15"
      "esbuild-linux-arm64" "0.13.15"
      "esbuild-linux-mips64le" "0.13.15"
      "esbuild-linux-ppc64le" "0.13.15"
      "esbuild-netbsd-64" "0.13.15"
      "esbuild-openbsd-64" "0.13.15"
      "esbuild-sunos-64" "0.13.15"
      "esbuild-windows-32" "0.13.15"
      "esbuild-windows-64" "0.13.15"
      "esbuild-windows-arm64" "0.13.15"
  
  "escalade@^3.1.1":
    "integrity" "sha1-2M/ccACWXFoBdLSoLqpcBVJ0LkA="
    "resolved" "https://registry.npm.taobao.org/escalade/download/escalade-3.1.1.tgz?cache=0&sync_timestamp=1602567224085&other_urls=https%3A%2F%2Fregistry.npm.taobao.org%2Fescalade%2Fdownload%2Fescalade-3.1.1.tgz"
    "version" "3.1.1"
  
  "escape-string-regexp@^1.0.5":
    "integrity" "sha1-G2HAViGQqN/2rjuyzwIAyhMLhtQ="
    "resolved" "https://registry.npm.taobao.org/escape-string-regexp/download/escape-string-regexp-1.0.5.tgz"
    "version" "1.0.5"
  
  "escape-string-regexp@^4.0.0":
    "integrity" "sha1-FLqDpdNz49MR5a/KKc9b+tllvzQ="
    "resolved" "https://registry.nlark.com/escape-string-regexp/download/escape-string-regexp-4.0.0.tgz"
    "version" "4.0.0"
  
  "eslint-config-standard@^16.0.3":
    "integrity" "sha512-x4fmJL5hGqNJKGHSjnLdgA6U6h1YW/G2dW9fA+cyVur4SK6lyue8+UgNKWlZtUDTXvgKDD/Oa3GQjmB5kjtVvg=="
    "resolved" "https://registry.npmjs.org/eslint-config-standard/-/eslint-config-standard-16.0.3.tgz"
    "version" "16.0.3"
  
  "eslint-import-resolver-node@^0.3.6":
    "integrity" "sha512-0En0w03NRVMn9Uiyn8YRPDKvWjxCWkslUEhGNTdGx15RvPJYQ+lbOlqrlNI2vEAs4pDYK4f/HN2TbDmk5TP0iw=="
    "resolved" "https://registry.npmjs.org/eslint-import-resolver-node/-/eslint-import-resolver-node-0.3.6.tgz"
    "version" "0.3.6"
    dependencies:
      "debug" "^3.2.7"
      "resolve" "^1.20.0"
  
  "eslint-module-utils@^2.7.1":
    "integrity" "sha512-fjoetBXQZq2tSTWZ9yWVl2KuFrTZZH3V+9iD1V1RfpDgxzJR+mPd/KZmMiA8gbPqdBzpNiEHOuT7IYEWxrH0zQ=="
    "resolved" "https://registry.npmjs.org/eslint-module-utils/-/eslint-module-utils-2.7.1.tgz"
    "version" "2.7.1"
    dependencies:
      "debug" "^3.2.7"
      "find-up" "^2.1.0"
      "pkg-dir" "^2.0.0"
  
  "eslint-plugin-es@^3.0.0":
    "integrity" "sha512-GUmAsJaN4Fc7Gbtl8uOBlayo2DqhwWvEzykMHSCZHU3XdJ+NSzzZcVhXh3VxX5icqQ+oQdIEawXX8xkR3mIFmQ=="
    "resolved" "https://registry.npmjs.org/eslint-plugin-es/-/eslint-plugin-es-3.0.1.tgz"
    "version" "3.0.1"
    dependencies:
      "eslint-utils" "^2.0.0"
      "regexpp" "^3.0.0"
  
  "eslint-plugin-import@^2.22.1", "eslint-plugin-import@^2.25.3":
    "integrity" "sha512-RzAVbby+72IB3iOEL8clzPLzL3wpDrlwjsTBAQXgyp5SeTqqY+0bFubwuo+y/HLhNZcXV4XqTBO4LGsfyHIDXg=="
    "resolved" "https://registry.npmjs.org/eslint-plugin-import/-/eslint-plugin-import-2.25.3.tgz"
    "version" "2.25.3"
    dependencies:
      "array-includes" "^3.1.4"
      "array.prototype.flat" "^1.2.5"
      "debug" "^2.6.9"
      "doctrine" "^2.1.0"
      "eslint-import-resolver-node" "^0.3.6"
      "eslint-module-utils" "^2.7.1"
      "has" "^1.0.3"
      "is-core-module" "^2.8.0"
      "is-glob" "^4.0.3"
      "minimatch" "^3.0.4"
      "object.values" "^1.1.5"
      "resolve" "^1.20.0"
      "tsconfig-paths" "^3.11.0"
  
  "eslint-plugin-node@^11.1.0":
    "integrity" "sha512-oUwtPJ1W0SKD0Tr+wqu92c5xuCeQqB3hSCHasn/ZgjFdA9iDGNkNf2Zi9ztY7X+hNuMib23LNGRm6+uN+KLE3g=="
    "resolved" "https://registry.npmjs.org/eslint-plugin-node/-/eslint-plugin-node-11.1.0.tgz"
    "version" "11.1.0"
    dependencies:
      "eslint-plugin-es" "^3.0.0"
      "eslint-utils" "^2.0.0"
      "ignore" "^5.1.1"
      "minimatch" "^3.0.4"
      "resolve" "^1.10.1"
      "semver" "^6.1.0"
  
  "eslint-plugin-promise@^4.2.1 || ^5.0.0", "eslint-plugin-promise@^5.2.0":
    "integrity" "sha512-SftLb1pUG01QYq2A/hGAWfDRXqYD82zE7j7TopDOyNdU+7SvvoXREls/+PRTY17vUXzXnZA/zfnyKgRH6x4JJw=="
    "resolved" "https://registry.npmjs.org/eslint-plugin-promise/-/eslint-plugin-promise-5.2.0.tgz"
    "version" "5.2.0"
  
  "eslint-plugin-react@^7.27.1":
    "integrity" "sha512-meyunDjMMYeWr/4EBLTV1op3iSG3mjT/pz5gti38UzfM4OPpNc2m0t2xvKCOMU5D6FSdd34BIMFOvQbW+i8GAA=="
    "resolved" "https://registry.npmjs.org/eslint-plugin-react/-/eslint-plugin-react-7.27.1.tgz"
    "version" "7.27.1"
    dependencies:
      "array-includes" "^3.1.4"
      "array.prototype.flatmap" "^1.2.5"
      "doctrine" "^2.1.0"
      "estraverse" "^5.3.0"
      "jsx-ast-utils" "^2.4.1 || ^3.0.0"
      "minimatch" "^3.0.4"
      "object.entries" "^1.1.5"
      "object.fromentries" "^2.0.5"
      "object.hasown" "^1.1.0"
      "object.values" "^1.1.5"
      "prop-types" "^15.7.2"
      "resolve" "^2.0.0-next.3"
      "semver" "^6.3.0"
      "string.prototype.matchall" "^4.0.6"
  
  "eslint-scope@^5.1.1":
    "integrity" "sha512-2NxwbF/hZ0KpepYN0cNbo+FN6XoK7GaHlQhgx/hIZl6Va0bF45RQOOwhLIy8lQDbuCiadSLCBnH2CFYquit5bw=="
    "resolved" "https://registry.npmjs.org/eslint-scope/-/eslint-scope-5.1.1.tgz"
    "version" "5.1.1"
    dependencies:
      "esrecurse" "^4.3.0"
      "estraverse" "^4.1.1"
  
  "eslint-utils@^2.0.0", "eslint-utils@^2.1.0":
    "integrity" "sha512-w94dQYoauyvlDc43XnGB8lU3Zt713vNChgt4EWwhXAP2XkBvndfxF0AgIqKOOasjPIPzj9JqgwkwbCYD0/V3Zg=="
    "resolved" "https://registry.npmjs.org/eslint-utils/-/eslint-utils-2.1.0.tgz"
    "version" "2.1.0"
    dependencies:
      "eslint-visitor-keys" "^1.1.0"
  
  "eslint-utils@^3.0.0":
    "integrity" "sha512-uuQC43IGctw68pJA1RgbQS8/NP7rch6Cwd4j3ZBtgo4/8Flj4eGE7ZYSZRN3iq5pVUv6GPdW5Z1RFleo84uLDA=="
    "resolved" "https://registry.npmjs.org/eslint-utils/-/eslint-utils-3.0.0.tgz"
    "version" "3.0.0"
    dependencies:
      "eslint-visitor-keys" "^2.0.0"
  
  "eslint-visitor-keys@^1.1.0":
    "integrity" "sha512-6J72N8UNa462wa/KFODt/PJ3IU60SDpC3QXC1Hjc1BXXpfL2C9R5+AU7jhe0F6GREqVMh4Juu+NY7xn+6dipUQ=="
    "resolved" "https://registry.npmjs.org/eslint-visitor-keys/-/eslint-visitor-keys-1.3.0.tgz"
    "version" "1.3.0"
  
  "eslint-visitor-keys@^1.3.0":
    "integrity" "sha512-6J72N8UNa462wa/KFODt/PJ3IU60SDpC3QXC1Hjc1BXXpfL2C9R5+AU7jhe0F6GREqVMh4Juu+NY7xn+6dipUQ=="
    "resolved" "https://registry.npmjs.org/eslint-visitor-keys/-/eslint-visitor-keys-1.3.0.tgz"
    "version" "1.3.0"
  
  "eslint-visitor-keys@^2.0.0":
    "integrity" "sha512-0rSmRBzXgDzIsD6mGdJgevzgezI534Cer5L/vyMX0kHzT/jiB43jRhd9YUlMGYLQy2zprNmoT8qasCGtY+QaKw=="
    "resolved" "https://registry.npmjs.org/eslint-visitor-keys/-/eslint-visitor-keys-2.1.0.tgz"
    "version" "2.1.0"
  
  "eslint-visitor-keys@^3.0.0":
    "integrity" "sha512-yWJFpu4DtjsWKkt5GeNBBuZMlNcYVs6vRCLoCVEJrTjaSB6LC98gFipNK/erM2Heg/E8mIK+hXG/pJMLK+eRZA=="
    "resolved" "https://registry.npmjs.org/eslint-visitor-keys/-/eslint-visitor-keys-3.1.0.tgz"
    "version" "3.1.0"
  
  "eslint@*", "eslint@^2 || ^3 || ^4 || ^5 || ^6 || ^7.2.0 || ^8", "eslint@^3 || ^4 || ^5 || ^6 || ^7 || ^8", "eslint@^6.0.0 || ^7.0.0 || ^8.0.0", "eslint@^7.0.0", "eslint@^7.12.1", "eslint@^7.32.0", "eslint@>=4.19.1", "eslint@>=5", "eslint@>=5.16.0":
    "integrity" "sha512-VHZ8gX+EDfz+97jGcgyGCyRia/dPOd6Xh9yPv8Bl1+SoaIwD+a/vlrOmGRUyOYu7MwUhc7CxqeaDZU13S4+EpA=="
    "resolved" "https://registry.npmjs.org/eslint/-/eslint-7.32.0.tgz"
    "version" "7.32.0"
    dependencies:
      "@babel/code-frame" "7.12.11"
      "@eslint/eslintrc" "^0.4.3"
      "@humanwhocodes/config-array" "^0.5.0"
      "ajv" "^6.10.0"
      "chalk" "^4.0.0"
      "cross-spawn" "^7.0.2"
      "debug" "^4.0.1"
      "doctrine" "^3.0.0"
      "enquirer" "^2.3.5"
      "escape-string-regexp" "^4.0.0"
      "eslint-scope" "^5.1.1"
      "eslint-utils" "^2.1.0"
      "eslint-visitor-keys" "^2.0.0"
      "espree" "^7.3.1"
      "esquery" "^1.4.0"
      "esutils" "^2.0.2"
      "fast-deep-equal" "^3.1.3"
      "file-entry-cache" "^6.0.1"
      "functional-red-black-tree" "^1.0.1"
      "glob-parent" "^5.1.2"
      "globals" "^13.6.0"
      "ignore" "^4.0.6"
      "import-fresh" "^3.0.0"
      "imurmurhash" "^0.1.4"
      "is-glob" "^4.0.0"
      "js-yaml" "^3.13.1"
      "json-stable-stringify-without-jsonify" "^1.0.1"
      "levn" "^0.4.1"
      "lodash.merge" "^4.6.2"
      "minimatch" "^3.0.4"
      "natural-compare" "^1.4.0"
      "optionator" "^0.9.1"
      "progress" "^2.0.0"
      "regexpp" "^3.1.0"
      "semver" "^7.2.1"
      "strip-ansi" "^6.0.0"
      "strip-json-comments" "^3.1.0"
      "table" "^6.0.9"
      "text-table" "^0.2.0"
      "v8-compile-cache" "^2.0.3"
  
  "espree@^7.3.0", "espree@^7.3.1":
    "integrity" "sha512-v3JCNCE64umkFpmkFGqzVKsOT0tN1Zr+ueqLZfpV1Ob8e+CEgPWa+OxCoGH3tnhimMKIaBm4m/vaRpJ/krRz2g=="
    "resolved" "https://registry.npmjs.org/espree/-/espree-7.3.1.tgz"
    "version" "7.3.1"
    dependencies:
      "acorn" "^7.4.0"
      "acorn-jsx" "^5.3.1"
      "eslint-visitor-keys" "^1.3.0"
  
  "esprima@^4.0.0":
    "integrity" "sha512-eGuFFw7Upda+g4p+QHvnW0RyTX/SVeJBDM/gCtMARO0cLuT2HcEKnTPvhjV6aGeqrCB/sbNop0Kszm0jsaWU4A=="
    "resolved" "https://registry.npmjs.org/esprima/-/esprima-4.0.1.tgz"
    "version" "4.0.1"
  
  "esquery@^1.4.0":
    "integrity" "sha1-IUj/w4uC6McFff7UhCWz5h8PJKU="
    "resolved" "https://registry.nlark.com/esquery/download/esquery-1.4.0.tgz"
    "version" "1.4.0"
    dependencies:
      "estraverse" "^5.1.0"
  
  "esrecurse@^4.3.0":
    "integrity" "sha512-KmfKL3b6G+RXvP8N1vr3Tq1kL/oCFgn2NYXEtqP8/L3pKapUA4G8cFVaoF3SU323CD4XypR/ffioHmkti6/Tag=="
    "resolved" "https://registry.npmjs.org/esrecurse/-/esrecurse-4.3.0.tgz"
    "version" "4.3.0"
    dependencies:
      "estraverse" "^5.2.0"
  
  "estraverse@^4.1.1":
    "integrity" "sha512-39nnKffWz8xN1BU/2c79n9nB9HDzo0niYUqx6xyqUnyoAnQyyWpOTdZEeiCch8BBu515t4wp9ZmgVfVhn9EBpw=="
    "resolved" "https://registry.npmjs.org/estraverse/-/estraverse-4.3.0.tgz"
    "version" "4.3.0"
  
  "estraverse@^5.1.0", "estraverse@^5.2.0", "estraverse@^5.3.0":
    "integrity" "sha1-LupSkHAvJquP5TcDcP+GyWXSESM="
    "resolved" "https://registry.npmmirror.com/estraverse/download/estraverse-5.3.0.tgz?cache=0&sync_timestamp=1635237706876&other_urls=https%3A%2F%2Fregistry.npmmirror.com%2Festraverse%2Fdownload%2Festraverse-5.3.0.tgz"
    "version" "5.3.0"
  
  "estree-walker@^2.0.1":
    "integrity" "sha1-UvAQF4wqTBF6d1fP6UKtt9LaTKw="
    "resolved" "https://registry.npm.taobao.org/estree-walker/download/estree-walker-2.0.2.tgz?cache=0&sync_timestamp=1611956983677&other_urls=https%3A%2F%2Fregistry.npm.taobao.org%2Festree-walker%2Fdownload%2Festree-walker-2.0.2.tgz"
    "version" "2.0.2"
  
  "esutils@^2.0.2":
    "integrity" "sha1-dNLrTeC42hKTcRkQ1Qd1ubcQ72Q="
    "resolved" "https://registry.npm.taobao.org/esutils/download/esutils-2.0.3.tgz"
    "version" "2.0.3"
  
  "fast-deep-equal@^3.1.1", "fast-deep-equal@^3.1.3":
    "integrity" "sha512-f3qQ9oQy9j2AhBe/H9VC91wLmKBCCU/gDOnKNAYG5hswO7BLKj09Hc5HYNz9cGI++xlpDCIgDaitVs03ATR84Q=="
    "resolved" "https://registry.npmjs.org/fast-deep-equal/-/fast-deep-equal-3.1.3.tgz"
    "version" "3.1.3"
  
  "fast-glob@^3.1.1":
    "integrity" "sha512-rYGMRwip6lUMvYD3BTScMwT1HtAs2d71SMv66Vrxs0IekGZEjhM0pcMfjQPnknBt2zeCwQMEupiN02ZP4DiT1Q=="
    "resolved" "https://registry.npmjs.org/fast-glob/-/fast-glob-3.2.7.tgz"
    "version" "3.2.7"
    dependencies:
      "@nodelib/fs.stat" "^2.0.2"
      "@nodelib/fs.walk" "^1.2.3"
      "glob-parent" "^5.1.2"
      "merge2" "^1.3.0"
      "micromatch" "^4.0.4"
  
  "fast-json-stable-stringify@^2.0.0":
    "integrity" "sha512-lhd/wF+Lk98HZoTCtlVraHtfh5XYijIjalXck7saUtuanSDyLMxnHhSXEDJqHxD7msR8D0uCmqlkwjCV8xvwHw=="
    "resolved" "https://registry.npmjs.org/fast-json-stable-stringify/-/fast-json-stable-stringify-2.1.0.tgz"
    "version" "2.1.0"
  
  "fast-levenshtein@^2.0.6":
    "integrity" "sha1-PYpcZog6FqMMqGQ+hR8Zuqd5eRc="
    "resolved" "https://registry.nlark.com/fast-levenshtein/download/fast-levenshtein-2.0.6.tgz"
    "version" "2.0.6"
  
  "fastq@^1.6.0":
    "integrity" "sha512-YpkpUnK8od0o1hmeSc7UUs/eB/vIPWJYjKck2QKIzAf71Vm1AAQ3EbuZB3g2JIy+pg+ERD0vqI79KyZiB2e2Nw=="
    "resolved" "https://registry.npmjs.org/fastq/-/fastq-1.13.0.tgz"
    "version" "1.13.0"
    dependencies:
      "reusify" "^1.0.4"
  
  "file-entry-cache@^6.0.1":
    "integrity" "sha1-IRst2WWcsDlLBz5zI6w8kz1SICc="
    "resolved" "https://registry.npm.taobao.org/file-entry-cache/download/file-entry-cache-6.0.1.tgz"
    "version" "6.0.1"
    dependencies:
      "flat-cache" "^3.0.4"
  
  "fill-range@^7.0.1":
    "integrity" "sha512-qOo9F+dMUmC2Lcb4BbVvnKJxTPjCm+RRpe4gDuGrzkL7mEVl/djYSu2OdQ2Pa302N4oqkSg9ir6jaLWJ2USVpQ=="
    "resolved" "https://registry.npmjs.org/fill-range/-/fill-range-7.0.1.tgz"
    "version" "7.0.1"
    dependencies:
      "to-regex-range" "^5.0.1"
  
  "find-up@^2.1.0":
    "integrity" "sha1-RdG35QbHF93UgndaK3eSCjwMV6c="
    "resolved" "https://registry.npmjs.org/find-up/-/find-up-2.1.0.tgz"
    "version" "2.1.0"
    dependencies:
      "locate-path" "^2.0.0"
  
  "flat-cache@^3.0.4":
    "integrity" "sha1-YbAzgwKy/p+Vfcwy/CqH8cMEixE="
    "resolved" "https://registry.nlark.com/flat-cache/download/flat-cache-3.0.4.tgz"
    "version" "3.0.4"
    dependencies:
      "flatted" "^3.1.0"
      "rimraf" "^3.0.2"
  
  "flatted@^3.1.0":
    "integrity" "sha512-8/sOawo8tJ4QOBX8YlQBMxL8+RLZfxMQOif9o0KUKTNTjMYElWPE0r/m5VNFxTRd0NSw8qSy8dajrwX4RYI1Hw=="
    "resolved" "https://registry.npmmirror.com/flatted/download/flatted-3.2.4.tgz?cache=0&sync_timestamp=1636473925233&other_urls=https%3A%2F%2Fregistry.npmmirror.com%2Fflatted%2Fdownload%2Fflatted-3.2.4.tgz"
    "version" "3.2.4"
  
  "fs.realpath@^1.0.0":
    "integrity" "sha1-FQStJSMVjKpA20onh8sBQRmU6k8="
    "resolved" "https://registry.nlark.com/fs.realpath/download/fs.realpath-1.0.0.tgz"
    "version" "1.0.0"
  
  "function-bind@^1.1.1":
    "integrity" "sha1-pWiZ0+o8m6uHS7l3O3xe3pL0iV0="
    "resolved" "https://registry.npm.taobao.org/function-bind/download/function-bind-1.1.1.tgz"
    "version" "1.1.1"
  
  "functional-red-black-tree@^1.0.1":
    "integrity" "sha1-GwqzvVU7Kg1jmdKcDj6gslIHgyc="
    "resolved" "https://registry.nlark.com/functional-red-black-tree/download/functional-red-black-tree-1.0.1.tgz"
    "version" "1.0.1"
  
  "gensync@^1.0.0-beta.2":
    "integrity" "sha1-MqbudsPX9S1GsrGuXZP+qFgKJeA="
    "resolved" "https://registry.npm.taobao.org/gensync/download/gensync-1.0.0-beta.2.tgz"
    "version" "1.0.0-beta.2"
  
  "get-intrinsic@^1.0.2", "get-intrinsic@^1.1.0", "get-intrinsic@^1.1.1":
    "integrity" "sha512-kWZrnVM42QCiEA2Ig1bG8zjoIMOgxWwYCEeNdwY6Tv/cOSeGpcoX4pXHfKUxNKVoArnrEr2e9srnAxxGIraS9Q=="
    "resolved" "https://registry.npmjs.org/get-intrinsic/-/get-intrinsic-1.1.1.tgz"
    "version" "1.1.1"
    dependencies:
      "function-bind" "^1.1.1"
      "has" "^1.0.3"
      "has-symbols" "^1.0.1"
  
  "get-symbol-description@^1.0.0":
    "integrity" "sha512-2EmdH1YvIQiZpltCNgkuiUnyukzxM/R6NDJX31Ke3BG1Nq5b0S2PhX59UKi9vZpPDQVdqn+1IcaAwnzTT5vCjw=="
    "resolved" "https://registry.npmjs.org/get-symbol-description/-/get-symbol-description-1.0.0.tgz"
    "version" "1.0.0"
    dependencies:
      "call-bind" "^1.0.2"
      "get-intrinsic" "^1.1.1"
  
  "glob-parent@^5.1.2":
    "integrity" "sha512-AOIgSQCepiJYwP3ARnGx+5VnTu2HBYdzbGP45eLw1vr3zB3vZLeyed1sC9hnbcOc9/SrMyM5RPQrkGz4aS9Zow=="
    "resolved" "https://registry.npmjs.org/glob-parent/-/glob-parent-5.1.2.tgz"
    "version" "5.1.2"
    dependencies:
      "is-glob" "^4.0.1"
  
  "glob@^7.1.3":
    "integrity" "sha1-0VU1r3cy4C6Uj0xBYovZECk/YCM="
    "resolved" "https://registry.npmmirror.com/glob/download/glob-7.2.0.tgz"
    "version" "7.2.0"
    dependencies:
      "fs.realpath" "^1.0.0"
      "inflight" "^1.0.4"
      "inherits" "2"
      "minimatch" "^3.0.4"
      "once" "^1.3.0"
      "path-is-absolute" "^1.0.0"
  
  "globals@^11.1.0":
    "integrity" "sha1-q4eVM4hooLq9hSV1gBjCp+uVxC4="
    "resolved" "https://registry.npmmirror.com/globals/download/globals-11.12.0.tgz?cache=0&sync_timestamp=1635390798667&other_urls=https%3A%2F%2Fregistry.npmmirror.com%2Fglobals%2Fdownload%2Fglobals-11.12.0.tgz"
    "version" "11.12.0"
  
  "globals@^13.6.0", "globals@^13.9.0":
    "integrity" "sha512-uS8X6lSKN2JumVoXrbUz+uG4BYG+eiawqm3qFcT7ammfbUHeCBoJMlHcec/S3krSk73/AE/f0szYFmgAA3kYZg=="
    "resolved" "https://registry.npmjs.org/globals/-/globals-13.12.0.tgz"
    "version" "13.12.0"
    dependencies:
      "type-fest" "^0.20.2"
  
  "globby@^11.0.4":
    "integrity" "sha512-9O4MVG9ioZJ08ffbcyVYyLOJLk5JQ688pJ4eMGLpdWLHq/Wr1D9BlriLQyL0E+jbkuePVZXYFj47QM/v093wHg=="
    "resolved" "https://registry.npmjs.org/globby/-/globby-11.0.4.tgz"
    "version" "11.0.4"
    dependencies:
      "array-union" "^2.1.0"
      "dir-glob" "^3.0.1"
      "fast-glob" "^3.1.1"
      "ignore" "^5.1.4"
      "merge2" "^1.3.0"
      "slash" "^3.0.0"
  
  "has-bigints@^1.0.1":
    "integrity" "sha512-LSBS2LjbNBTf6287JEbEzvJgftkF5qFkmCo9hDRpAzKhUOlJ+hx8dd4USs00SgsUNwc4617J9ki5YtEClM2ffA=="
    "resolved" "https://registry.npmjs.org/has-bigints/-/has-bigints-1.0.1.tgz"
    "version" "1.0.1"
  
  "has-flag@^3.0.0":
    "integrity" "sha1-tdRU3CGZriJWmfNGfloH87lVuv0="
    "resolved" "https://registry.nlark.com/has-flag/download/has-flag-3.0.0.tgz"
    "version" "3.0.0"
  
  "has-flag@^4.0.0":
    "integrity" "sha1-lEdx/ZyByBJlxNaUGGDaBrtZR5s="
    "resolved" "https://registry.nlark.com/has-flag/download/has-flag-4.0.0.tgz"
    "version" "4.0.0"
  
  "has-symbols@^1.0.1", "has-symbols@^1.0.2":
    "integrity" "sha512-chXa79rL/UC2KlX17jo3vRGz0azaWEx5tGqZg5pO3NUyEJVB17dMruQlzCCOfUvElghKcm5194+BCRvi2Rv/Gw=="
    "resolved" "https://registry.npmjs.org/has-symbols/-/has-symbols-1.0.2.tgz"
    "version" "1.0.2"
  
  "has-tostringtag@^1.0.0":
    "integrity" "sha512-kFjcSNhnlGV1kyoGk7OXKSawH5JOb/LzUc5w9B02hOTO0dfFRjbHQKvg1d6cf3HbeUmtU9VbbV3qzZ2Teh97WQ=="
    "resolved" "https://registry.npmjs.org/has-tostringtag/-/has-tostringtag-1.0.0.tgz"
    "version" "1.0.0"
    dependencies:
      "has-symbols" "^1.0.2"
  
  "has@^1.0.3":
    "integrity" "sha1-ci18v8H2qoJB8W3YFOAR4fQeh5Y="
    "resolved" "https://registry.npm.taobao.org/has/download/has-1.0.3.tgz"
    "version" "1.0.3"
    dependencies:
      "function-bind" "^1.1.1"
  
  "ignore@^4.0.6":
    "integrity" "sha512-cyFDKrqc/YdcWFniJhzI42+AzS+gNwmUzOSFcRCQYwySuBBBy/KjuxWLZ/FHEH6Moq1NizMOBWyTcv8O4OZIMg=="
    "resolved" "https://registry.npmjs.org/ignore/-/ignore-4.0.6.tgz"
    "version" "4.0.6"
  
  "ignore@^5.1.1", "ignore@^5.1.4", "ignore@^5.1.8":
    "integrity" "sha512-2zeMQpbKz5dhZ9IwL0gbxSW5w0NK/MSAMtNuhgIHEPmaU3vPdKPL0UdvUCXs5SS4JAwsBxysK5sFMW8ocFiVjQ=="
    "resolved" "https://registry.npmjs.org/ignore/-/ignore-5.1.9.tgz"
    "version" "5.1.9"
  
  "import-fresh@^3.0.0", "import-fresh@^3.2.1":
    "integrity" "sha512-veYYhQa+D1QBKznvhUHxb8faxlrwUnxseDAbAp457E0wLNio2bOSKnjYDhMj+YiAq61xrMGhQk9iXVk5FzgQMw=="
    "resolved" "https://registry.npmjs.org/import-fresh/-/import-fresh-3.3.0.tgz"
    "version" "3.3.0"
    dependencies:
      "parent-module" "^1.0.0"
      "resolve-from" "^4.0.0"
  
  "imurmurhash@^0.1.4":
    "integrity" "sha1-khi5srkoojixPcT7a21XbyMUU+o="
    "resolved" "https://registry.nlark.com/imurmurhash/download/imurmurhash-0.1.4.tgz"
    "version" "0.1.4"
  
  "inflight@^1.0.4":
    "integrity" "sha1-Sb1jMdfQLQwJvJEKEHW6gWW1bfk="
    "resolved" "https://registry.npm.taobao.org/inflight/download/inflight-1.0.6.tgz"
    "version" "1.0.6"
    dependencies:
      "once" "^1.3.0"
      "wrappy" "1"
  
  "inherits@2":
    "integrity" "sha1-D6LGT5MpF8NDOg3tVTY6rjdBa3w="
    "resolved" "https://registry.nlark.com/inherits/download/inherits-2.0.4.tgz"
    "version" "2.0.4"
  
  "internal-slot@^1.0.3":
    "integrity" "sha512-O0DB1JC/sPyZl7cIo78n5dR7eUSwwpYPiXRhTzNxZVAMUuB8vlnRFyLxdrVToks6XPLVnFfbzaVd5WLjhgg+vA=="
    "resolved" "https://registry.npmjs.org/internal-slot/-/internal-slot-1.0.3.tgz"
    "version" "1.0.3"
    dependencies:
      "get-intrinsic" "^1.1.0"
      "has" "^1.0.3"
      "side-channel" "^1.0.4"
  
  "is-bigint@^1.0.1":
    "integrity" "sha512-zB9CruMamjym81i2JZ3UMn54PKGsQzsJeo6xvN3HJJ4CAsQNB6iRutp2To77OfCNuoxspsIhzaPoO1zyCEhFOg=="
    "resolved" "https://registry.npmjs.org/is-bigint/-/is-bigint-1.0.4.tgz"
    "version" "1.0.4"
    dependencies:
      "has-bigints" "^1.0.1"
  
  "is-boolean-object@^1.1.0":
    "integrity" "sha512-gDYaKHJmnj4aWxyj6YHyXVpdQawtVLHU5cb+eztPGczf6cjuTdwve5ZIEfgXqH4e57An1D1AKf8CZ3kYrQRqYA=="
    "resolved" "https://registry.npmjs.org/is-boolean-object/-/is-boolean-object-1.1.2.tgz"
    "version" "1.1.2"
    dependencies:
      "call-bind" "^1.0.2"
      "has-tostringtag" "^1.0.0"
  
  "is-callable@^1.1.4", "is-callable@^1.2.4":
    "integrity" "sha512-nsuwtxZfMX67Oryl9LCQ+upnC0Z0BgpwntpS89m1H/TLF0zNfzfLMV/9Wa/6MZsj0acpEjAO0KF1xT6ZdLl95w=="
    "resolved" "https://registry.npmjs.org/is-callable/-/is-callable-1.2.4.tgz"
    "version" "1.2.4"
  
  "is-core-module@^2.2.0", "is-core-module@^2.8.0":
    "integrity" "sha1-AyEzbD0JJeSX/Zf12VyxFKXM1Ug="
    "resolved" "https://registry.npmmirror.com/is-core-module/download/is-core-module-2.8.0.tgz?cache=0&other_urls=https%3A%2F%2Fregistry.npmmirror.com%2Fis-core-module%2Fdownload%2Fis-core-module-2.8.0.tgz"
    "version" "2.8.0"
    dependencies:
      "has" "^1.0.3"
  
  "is-date-object@^1.0.1":
    "integrity" "sha512-9YQaSxsAiSwcvS33MBk3wTCVnWK+HhF8VZR2jRxehM16QcVOdHqPn4VPHmRK4lSr38n9JriurInLcP90xsYNfQ=="
    "resolved" "https://registry.npmjs.org/is-date-object/-/is-date-object-1.0.5.tgz"
    "version" "1.0.5"
    dependencies:
      "has-tostringtag" "^1.0.0"
  
  "is-extglob@^2.1.1":
    "integrity" "sha1-qIwCU1eR8C7TfHahueqXc8gz+MI="
    "resolved" "https://registry.npmjs.org/is-extglob/-/is-extglob-2.1.1.tgz"
    "version" "2.1.1"
  
  "is-fullwidth-code-point@^3.0.0":
    "integrity" "sha512-zymm5+u+sCsSWyD9qNaejV3DFvhCKclKdizYaJUuHA83RLjb7nSuGnddCHGv0hk+KY7BMAlsWeK4Ueg6EV6XQg=="
    "resolved" "https://registry.npmjs.org/is-fullwidth-code-point/-/is-fullwidth-code-point-3.0.0.tgz"
    "version" "3.0.0"
  
  "is-glob@^4.0.0", "is-glob@^4.0.1", "is-glob@^4.0.3":
    "integrity" "sha512-xelSayHH36ZgE7ZWhli7pW34hNbNl8Ojv5KVmkJD4hBdD3th8Tfk9vYasLM+mXWOZhFkgZfxhLSnrwRr4elSSg=="
    "resolved" "https://registry.npmjs.org/is-glob/-/is-glob-4.0.3.tgz"
    "version" "4.0.3"
    dependencies:
      "is-extglob" "^2.1.1"
  
  "is-negative-zero@^2.0.1":
    "integrity" "sha512-2z6JzQvZRa9A2Y7xC6dQQm4FSTSTNWjKIYYTt4246eMTJmIo0Q+ZyOsU66X8lxK1AbB92dFeglPLrhwpeRKO6w=="
    "resolved" "https://registry.npmjs.org/is-negative-zero/-/is-negative-zero-2.0.1.tgz"
    "version" "2.0.1"
  
  "is-number-object@^1.0.4":
    "integrity" "sha512-bEVOqiRcvo3zO1+G2lVMy+gkkEm9Yh7cDMRusKKu5ZJKPUYSJwICTKZrNKHA2EbSP0Tu0+6B/emsYNHZyn6K8g=="
    "resolved" "https://registry.npmjs.org/is-number-object/-/is-number-object-1.0.6.tgz"
    "version" "1.0.6"
    dependencies:
      "has-tostringtag" "^1.0.0"
  
  "is-number@^7.0.0":
    "integrity" "sha512-41Cifkg6e8TylSpdtTpeLVMqvSBEVzTttHvERD741+pnZ8ANv0004MRL43QKPDlK9cGvNp6NZWZUBlbGXYxxng=="
    "resolved" "https://registry.npmjs.org/is-number/-/is-number-7.0.0.tgz"
    "version" "7.0.0"
  
  "is-regex@^1.1.4":
    "integrity" "sha512-kvRdxDsxZjhzUX07ZnLydzS1TU/TJlTUHHY4YLL87e37oUA49DfkLqgy+VjFocowy29cKvcSiu+kIv728jTTVg=="
    "resolved" "https://registry.npmjs.org/is-regex/-/is-regex-1.1.4.tgz"
    "version" "1.1.4"
    dependencies:
      "call-bind" "^1.0.2"
      "has-tostringtag" "^1.0.0"
  
  "is-shared-array-buffer@^1.0.1":
    "integrity" "sha512-IU0NmyknYZN0rChcKhRO1X8LYz5Isj/Fsqh8NJOSf+N/hCOTwy29F32Ik7a+QszE63IdvmwdTPDd6cZ5pg4cwA=="
    "resolved" "https://registry.npmjs.org/is-shared-array-buffer/-/is-shared-array-buffer-1.0.1.tgz"
    "version" "1.0.1"
  
  "is-string@^1.0.5", "is-string@^1.0.7":
    "integrity" "sha512-tE2UXzivje6ofPW7l23cjDOMa09gb7xlAqG6jG5ej6uPV32TlWP3NKPigtaGeHNu9fohccRYvIiZMfOOnOYUtg=="
    "resolved" "https://registry.npmjs.org/is-string/-/is-string-1.0.7.tgz"
    "version" "1.0.7"
    dependencies:
      "has-tostringtag" "^1.0.0"
  
  "is-symbol@^1.0.2", "is-symbol@^1.0.3":
    "integrity" "sha512-C/CPBqKWnvdcxqIARxyOh4v1UUEOCHpgDa0WYgpKDFMszcrPcffg5uhwSgPCLD2WWxmq6isisz87tzT01tuGhg=="
    "resolved" "https://registry.npmjs.org/is-symbol/-/is-symbol-1.0.4.tgz"
    "version" "1.0.4"
    dependencies:
      "has-symbols" "^1.0.2"
  
  "is-weakref@^1.0.1":
    "integrity" "sha512-b2jKc2pQZjaeFYWEf7ScFj+Be1I+PXmlu572Q8coTXZ+LD/QQZ7ShPMst8h16riVgyXTQwUsFEl74mDvc/3MHQ=="
    "resolved" "https://registry.npmjs.org/is-weakref/-/is-weakref-1.0.1.tgz"
    "version" "1.0.1"
    dependencies:
      "call-bind" "^1.0.0"
  
  "isexe@^2.0.0":
    "integrity" "sha1-6PvzdNxVb/iUehDcsFctYz8s+hA="
    "resolved" "https://registry.nlark.com/isexe/download/isexe-2.0.0.tgz"
    "version" "2.0.0"
  
  "js-tokens@^3.0.0 || ^4.0.0", "js-tokens@^4.0.0":
    "integrity" "sha1-GSA/tZmR35jjoocFDUZHzerzJJk="
    "resolved" "https://registry.nlark.com/js-tokens/download/js-tokens-4.0.0.tgz?cache=0&sync_timestamp=1619345098261&other_urls=https%3A%2F%2Fregistry.nlark.com%2Fjs-tokens%2Fdownload%2Fjs-tokens-4.0.0.tgz"
    "version" "4.0.0"
  
  "js-yaml@^3.13.1":
    "integrity" "sha512-okMH7OXXJ7YrN9Ok3/SXrnu4iX9yOk+25nqX4imS2npuvTYDmo/QEZoqwZkYaIDk3jVvBOTOIEgEhaLOynBS9g=="
    "resolved" "https://registry.npmjs.org/js-yaml/-/js-yaml-3.14.1.tgz"
    "version" "3.14.1"
    dependencies:
      "argparse" "^1.0.7"
      "esprima" "^4.0.0"
  
  "jsesc@^2.5.1":
    "integrity" "sha1-gFZNLkg9rPbo7yCWUKZ98/DCg6Q="
    "resolved" "https://registry.npm.taobao.org/jsesc/download/jsesc-2.5.2.tgz?cache=0&sync_timestamp=1603891232110&other_urls=https%3A%2F%2Fregistry.npm.taobao.org%2Fjsesc%2Fdownload%2Fjsesc-2.5.2.tgz"
    "version" "2.5.2"
  
  "json-schema-traverse@^0.4.1":
    "integrity" "sha512-xbbCH5dCYU5T8LcEhhuh7HJ88HXuW3qsI3Y0zOZFKfZEHcpWiHU/Jxzk629Brsab/mMiHQti9wMP+845RPe3Vg=="
    "resolved" "https://registry.npmjs.org/json-schema-traverse/-/json-schema-traverse-0.4.1.tgz"
    "version" "0.4.1"
  
  "json-schema-traverse@^1.0.0":
    "integrity" "sha512-NM8/P9n3XjXhIZn1lLhkFaACTOURQXjWhV4BA/RnOv8xvgqtqpAX9IO4mRQxSx1Rlo4tqzeqb0sOlruaOy3dug=="
    "resolved" "https://registry.npmjs.org/json-schema-traverse/-/json-schema-traverse-1.0.0.tgz"
    "version" "1.0.0"
  
  "json-stable-stringify-without-jsonify@^1.0.1":
    "integrity" "sha1-nbe1lJatPzz+8wp1FC0tkwrXJlE="
    "resolved" "https://registry.nlark.com/json-stable-stringify-without-jsonify/download/json-stable-stringify-without-jsonify-1.0.1.tgz"
    "version" "1.0.1"
  
  "json5@^1.0.1":
    "integrity" "sha512-aKS4WQjPenRxiQsC93MNfjx+nbF4PAdYzmd/1JIj8HYzqfbu86beTuNgXDzPknWk0n0uARlyewZo4s++ES36Ow=="
    "resolved" "https://registry.npmjs.org/json5/-/json5-1.0.1.tgz"
    "version" "1.0.1"
    dependencies:
      "minimist" "^1.2.0"
  
  "json5@^2.1.2":
    "integrity" "sha1-Lf7+cgxrpSXZ69kJlQ8FFTFsiaM="
    "resolved" "https://registry.npm.taobao.org/json5/download/json5-2.2.0.tgz?cache=0&sync_timestamp=1612146215945&other_urls=https%3A%2F%2Fregistry.npm.taobao.org%2Fjson5%2Fdownload%2Fjson5-2.2.0.tgz"
    "version" "2.2.0"
    dependencies:
      "minimist" "^1.2.5"
  
  "jsx-ast-utils@^2.4.1 || ^3.0.0":
    "integrity" "sha512-uP5vu8xfy2F9A6LGC22KO7e2/vGTS1MhP+18f++ZNlf0Ohaxbc9nIEwHAsejlJKyzfZzU5UIhe5ItYkitcZnZA=="
    "resolved" "https://registry.npmjs.org/jsx-ast-utils/-/jsx-ast-utils-3.2.1.tgz"
    "version" "3.2.1"
    dependencies:
      "array-includes" "^3.1.3"
      "object.assign" "^4.1.2"
  
  "levn@^0.4.1":
    "integrity" "sha1-rkViwAdHO5MqYgDUAyaN0v/8at4="
    "resolved" "https://registry.nlark.com/levn/download/levn-0.4.1.tgz"
    "version" "0.4.1"
    dependencies:
      "prelude-ls" "^1.2.1"
      "type-check" "~0.4.0"
  
  "locate-path@^2.0.0":
    "integrity" "sha1-K1aLJl7slExtnA3pw9u7ygNUzY4="
    "resolved" "https://registry.npmjs.org/locate-path/-/locate-path-2.0.0.tgz"
    "version" "2.0.0"
    dependencies:
      "p-locate" "^2.0.0"
      "path-exists" "^3.0.0"
  
  "lodash.merge@^4.6.2":
    "integrity" "sha1-VYqlO0O2YeGSWgr9+japoQhf5Xo="
    "resolved" "https://registry.nlark.com/lodash.merge/download/lodash.merge-4.6.2.tgz"
    "version" "4.6.2"
  
  "lodash.truncate@^4.4.2":
    "integrity" "sha1-WjUNoLERO4N+z//VgSy+WNbq4ZM="
    "resolved" "https://registry.npmjs.org/lodash.truncate/-/lodash.truncate-4.4.2.tgz"
    "version" "4.4.2"
  
  "loose-envify@^1.1.0", "loose-envify@^1.4.0":
    "integrity" "sha1-ce5R+nvkyuwaY4OffmgtgTLTDK8="
    "resolved" "https://registry.nlark.com/loose-envify/download/loose-envify-1.4.0.tgz"
    "version" "1.4.0"
    dependencies:
      "js-tokens" "^3.0.0 || ^4.0.0"
  
  "lru-cache@^6.0.0":
    "integrity" "sha1-bW/mVw69lqr5D8rR2vo7JWbbOpQ="
    "resolved" "https://registry.nlark.com/lru-cache/download/lru-cache-6.0.0.tgz"
    "version" "6.0.0"
    dependencies:
      "yallist" "^4.0.0"
  
  "merge2@^1.3.0":
    "integrity" "sha512-8q7VEgMJW4J8tcfVPy8g09NcQwZdbwFEqhe/WZkoIzjn/3TGDwtOCYtXGxA3O8tPzpczCCDgv+P2P5y00ZJOOg=="
    "resolved" "https://registry.npmjs.org/merge2/-/merge2-1.4.1.tgz"
    "version" "1.4.1"
  
  "micromatch@^4.0.4":
    "integrity" "sha512-pRmzw/XUcwXGpD9aI9q/0XOwLNygjETJ8y0ao0wdqprrzDa4YnxLcz7fQRZr8voh8V10kGhABbNcHVk5wHgWwg=="
    "resolved" "https://registry.npmjs.org/micromatch/-/micromatch-4.0.4.tgz"
    "version" "4.0.4"
    dependencies:
      "braces" "^3.0.1"
      "picomatch" "^2.2.3"
  
  "minimatch@^3.0.4":
    "integrity" "sha1-UWbihkV/AzBgZL5Ul+jbsMPTIIM="
    "resolved" "https://registry.nlark.com/minimatch/download/minimatch-3.0.4.tgz?cache=0&sync_timestamp=1618846754554&other_urls=https%3A%2F%2Fregistry.nlark.com%2Fminimatch%2Fdownload%2Fminimatch-3.0.4.tgz"
    "version" "3.0.4"
    dependencies:
      "brace-expansion" "^1.1.7"
  
  "minimist@^1.2.0", "minimist@^1.2.5":
    "integrity" "sha1-Z9ZgFLZqaoqqDAg8X9WN9OTpdgI="
    "resolved" "https://registry.npm.taobao.org/minimist/download/minimist-1.2.5.tgz"
    "version" "1.2.5"
  
  "ms@^2.1.1", "ms@2.1.2":
    "integrity" "sha1-0J0fNXtEP0kzgqjrPM0YOHKuYAk="
    "resolved" "https://registry.npmmirror.com/ms/download/ms-2.1.2.tgz"
    "version" "2.1.2"
  
  "ms@2.0.0":
    "integrity" "sha1-VgiurfwAvmwpAd9fmGF4jeDVl8g="
    "resolved" "https://registry.npmjs.org/ms/-/ms-2.0.0.tgz"
    "version" "2.0.0"
  
  "nanoid@^3.1.30":
    "integrity" "sha1-Y/k8xUjSoRPcXfvGO/oJ4rm2Q2I="
    "resolved" "https://registry.npmmirror.com/nanoid/download/nanoid-3.1.30.tgz?cache=0&sync_timestamp=1634166192601&other_urls=https%3A%2F%2Fregistry.npmmirror.com%2Fnanoid%2Fdownload%2Fnanoid-3.1.30.tgz"
    "version" "3.1.30"
  
  "natural-compare@^1.4.0":
    "integrity" "sha1-Sr6/7tdUHywnrPspvbvRXI1bpPc="
    "resolved" "https://registry.nlark.com/natural-compare/download/natural-compare-1.4.0.tgz"
    "version" "1.4.0"
  
  "node-releases@^2.0.1":
    "integrity" "sha1-PR05XyBPHy8ppUNYuftnh2WtL8U="
    "resolved" "https://registry.npmmirror.com/node-releases/download/node-releases-2.0.1.tgz"
    "version" "2.0.1"
  
  "object-assign@^4.1.1":
    "integrity" "sha1-IQmtx5ZYh8/AXLvUQsrIv7s2CGM="
    "resolved" "https://registry.npm.taobao.org/object-assign/download/object-assign-4.1.1.tgz"
    "version" "4.1.1"
  
  "object-inspect@^1.11.0", "object-inspect@^1.9.0":
    "integrity" "sha512-If7BjFlpkzzBeV1cqgT3OSWT3azyoxDGajR+iGnFBfVV2EWyDyWaZZW2ERDjUaY2QM8i5jI3Sj7mhsM4DDAqWA=="
    "resolved" "https://registry.npmjs.org/object-inspect/-/object-inspect-1.11.1.tgz"
    "version" "1.11.1"
  
  "object-keys@^1.0.12", "object-keys@^1.1.1":
    "integrity" "sha512-NuAESUOUMrlIXOfHKzD6bpPu3tYt3xvjNdRIQ+FeT0lNb4K8WR70CaDxhuNguS2XG+GjkyMwOzsN5ZktImfhLA=="
    "resolved" "https://registry.npmjs.org/object-keys/-/object-keys-1.1.1.tgz"
    "version" "1.1.1"
  
  "object.assign@^4.1.2":
    "integrity" "sha512-ixT2L5THXsApyiUPYKmW+2EHpXXe5Ii3M+f4e+aJFAHao5amFRW6J0OO6c/LU8Be47utCx2GL89hxGB6XSmKuQ=="
    "resolved" "https://registry.npmjs.org/object.assign/-/object.assign-4.1.2.tgz"
    "version" "4.1.2"
    dependencies:
      "call-bind" "^1.0.0"
      "define-properties" "^1.1.3"
      "has-symbols" "^1.0.1"
      "object-keys" "^1.1.1"
  
  "object.entries@^1.1.5":
    "integrity" "sha512-TyxmjUoZggd4OrrU1W66FMDG6CuqJxsFvymeyXI51+vQLN67zYfZseptRge703kKQdo4uccgAKebXFcRCzk4+g=="
    "resolved" "https://registry.npmjs.org/object.entries/-/object.entries-1.1.5.tgz"
    "version" "1.1.5"
    dependencies:
      "call-bind" "^1.0.2"
      "define-properties" "^1.1.3"
      "es-abstract" "^1.19.1"
  
  "object.fromentries@^2.0.5":
    "integrity" "sha512-CAyG5mWQRRiBU57Re4FKoTBjXfDoNwdFVH2Y1tS9PqCsfUTymAohOkEMSG3aRNKmv4lV3O7p1et7c187q6bynw=="
    "resolved" "https://registry.npmjs.org/object.fromentries/-/object.fromentries-2.0.5.tgz"
    "version" "2.0.5"
    dependencies:
      "call-bind" "^1.0.2"
      "define-properties" "^1.1.3"
      "es-abstract" "^1.19.1"
  
  "object.hasown@^1.1.0":
    "integrity" "sha512-MhjYRfj3GBlhSkDHo6QmvgjRLXQ2zndabdf3nX0yTyZK9rPfxb6uRpAac8HXNLy1GpqWtZ81Qh4v3uOls2sRAg=="
    "resolved" "https://registry.npmjs.org/object.hasown/-/object.hasown-1.1.0.tgz"
    "version" "1.1.0"
    dependencies:
      "define-properties" "^1.1.3"
      "es-abstract" "^1.19.1"
  
  "object.values@^1.1.5":
    "integrity" "sha512-QUZRW0ilQ3PnPpbNtgdNV1PDbEqLIiSFB3l+EnGtBQ/8SUTLj1PZwtQHABZtLgwpJZTSZhuGLOGk57Drx2IvYg=="
    "resolved" "https://registry.npmjs.org/object.values/-/object.values-1.1.5.tgz"
    "version" "1.1.5"
    dependencies:
      "call-bind" "^1.0.2"
      "define-properties" "^1.1.3"
      "es-abstract" "^1.19.1"
  
  "once@^1.3.0":
    "integrity" "sha1-WDsap3WWHUsROsF9nFC6753Xa9E="
    "resolved" "https://registry.nlark.com/once/download/once-1.4.0.tgz"
    "version" "1.4.0"
    dependencies:
      "wrappy" "1"
  
  "optionator@^0.9.1":
    "integrity" "sha1-TyNqY3Pa4FZqbUPhMmZ09QwpFJk="
    "resolved" "https://registry.nlark.com/optionator/download/optionator-0.9.1.tgz"
    "version" "0.9.1"
    dependencies:
      "deep-is" "^0.1.3"
      "fast-levenshtein" "^2.0.6"
      "levn" "^0.4.1"
      "prelude-ls" "^1.2.1"
      "type-check" "^0.4.0"
      "word-wrap" "^1.2.3"
  
  "p-limit@^1.1.0":
    "integrity" "sha512-vvcXsLAJ9Dr5rQOPk7toZQZJApBl2K4J6dANSsEuh6QI41JYcsS/qhTGa9ErIUUgK3WNQoJYvylxvjqmiqEA9Q=="
    "resolved" "https://registry.npmjs.org/p-limit/-/p-limit-1.3.0.tgz"
    "version" "1.3.0"
    dependencies:
      "p-try" "^1.0.0"
  
  "p-locate@^2.0.0":
    "integrity" "sha1-IKAQOyIqcMj9OcwuWAaA893l7EM="
    "resolved" "https://registry.npmjs.org/p-locate/-/p-locate-2.0.0.tgz"
    "version" "2.0.0"
    dependencies:
      "p-limit" "^1.1.0"
  
  "p-try@^1.0.0":
    "integrity" "sha1-y8ec26+P1CKOE/Yh8rGiN8GyB7M="
    "resolved" "https://registry.npmjs.org/p-try/-/p-try-1.0.0.tgz"
    "version" "1.0.0"
  
  "parent-module@^1.0.0":
    "integrity" "sha512-GQ2EWRpQV8/o+Aw8YqtfZZPfNRWZYkbidE9k5rpl/hC3vtHHBfGm2Ifi6qWV+coDGkrUKZAxE3Lot5kcsRlh+g=="
    "resolved" "https://registry.npmjs.org/parent-module/-/parent-module-1.0.1.tgz"
    "version" "1.0.1"
    dependencies:
      "callsites" "^3.0.0"
  
  "path-exists@^3.0.0":
    "integrity" "sha1-zg6+ql94yxiSXqfYENe1mwEP1RU="
    "resolved" "https://registry.npmjs.org/path-exists/-/path-exists-3.0.0.tgz"
    "version" "3.0.0"
  
  "path-is-absolute@^1.0.0":
    "integrity" "sha1-F0uSaHNVNP+8es5r9TpanhtcX18="
    "resolved" "https://registry.nlark.com/path-is-absolute/download/path-is-absolute-1.0.1.tgz"
    "version" "1.0.1"
  
  "path-key@^3.1.0":
    "integrity" "sha1-WB9q3mWMu6ZaDTOA3ndTKVBU83U="
    "resolved" "https://registry.npm.taobao.org/path-key/download/path-key-3.1.1.tgz"
    "version" "3.1.1"
  
  "path-parse@^1.0.6":
    "integrity" "sha1-+8EUtgykKzDZ2vWFjkvWi77bZzU="
    "resolved" "https://registry.nlark.com/path-parse/download/path-parse-1.0.7.tgz"
    "version" "1.0.7"
  
  "path-type@^4.0.0":
    "integrity" "sha512-gDKb8aZMDeD/tZWs9P6+q0J9Mwkdl6xMV8TjnGP3qJVJ06bdMgkbBlLU8IdfOsIsFz2BW1rNVT3XuNEl8zPAvw=="
    "resolved" "https://registry.npmjs.org/path-type/-/path-type-4.0.0.tgz"
    "version" "4.0.0"
  
  "picocolors@^1.0.0":
    "integrity" "sha1-y1vcdP8/UYkiNur3nWi8RFZKuBw="
    "resolved" "https://registry.npmmirror.com/picocolors/download/picocolors-1.0.0.tgz?cache=0&sync_timestamp=1634093442271&other_urls=https%3A%2F%2Fregistry.npmmirror.com%2Fpicocolors%2Fdownload%2Fpicocolors-1.0.0.tgz"
    "version" "1.0.0"
  
  "picomatch@^2.2.2", "picomatch@^2.2.3":
    "integrity" "sha1-8fBh3o9qS/AiiS4tEoI0+5gwKXI="
    "resolved" "https://registry.nlark.com/picomatch/download/picomatch-2.3.0.tgz?cache=0&sync_timestamp=1621648246651&other_urls=https%3A%2F%2Fregistry.nlark.com%2Fpicomatch%2Fdownload%2Fpicomatch-2.3.0.tgz"
    "version" "2.3.0"
  
  "pkg-dir@^2.0.0":
    "integrity" "sha1-9tXREJ4Z1j7fQo4L1X4Sd3YVM0s="
    "resolved" "https://registry.npmjs.org/pkg-dir/-/pkg-dir-2.0.0.tgz"
    "version" "2.0.0"
    dependencies:
      "find-up" "^2.1.0"
  
  "postcss@^8.3.11":
    "integrity" "sha512-joU6fBsN6EIer28Lj6GDFoC/5yOZzLCfn0zHAn/MYXI7aPt4m4hK5KC5ovEZXy+lnCjmYIbQWngvju2ddyEr8Q=="
    "resolved" "https://registry.npmmirror.com/postcss/download/postcss-8.4.4.tgz"
    "version" "8.4.4"
    dependencies:
      "nanoid" "^3.1.30"
      "picocolors" "^1.0.0"
      "source-map-js" "^1.0.1"
  
  "prelude-ls@^1.2.1":
    "integrity" "sha1-3rxkidem5rDnYRiIzsiAM30xY5Y="
    "resolved" "https://registry.nlark.com/prelude-ls/download/prelude-ls-1.2.1.tgz"
    "version" "1.2.1"
  
  "prettier@^2.5.1":
    "integrity" "sha512-vBZcPRUR5MZJwoyi3ZoyQlc1rXeEck8KgeC9AwwOn+exuxLxq5toTRDTSaVrXHxelDMHy9zlicw8u66yxoSUFg=="
    "resolved" "https://registry.npmmirror.com/prettier/download/prettier-2.5.1.tgz"
    "version" "2.5.1"
  
  "progress@^2.0.0":
    "integrity" "sha1-foz42PW48jnBvGi+tOt4Vn1XLvg="
    "resolved" "https://registry.npm.taobao.org/progress/download/progress-2.0.3.tgz"
    "version" "2.0.3"
  
  "prop-types@^15.7.2":
    "integrity" "sha512-8QQikdH7//R2vurIJSutZ1smHYTcLpRWEOlHnzcWHmBYrOGUysKwSsrC89BCiFj3CbrfJ/nXFdJepOVrY1GCHQ=="
    "resolved" "https://registry.npmjs.org/prop-types/-/prop-types-15.7.2.tgz"
    "version" "15.7.2"
    dependencies:
      "loose-envify" "^1.4.0"
      "object-assign" "^4.1.1"
      "react-is" "^16.8.1"
  
  "punycode@^2.1.0":
    "integrity" "sha512-XRsRjdf+j5ml+y/6GKHPZbrF/8p2Yga0JPtdqTIY2Xe5ohJPD9saDJJLPvp9+NSBprVvevdXZybnj2cv8OEd0A=="
    "resolved" "https://registry.npmjs.org/punycode/-/punycode-2.1.1.tgz"
    "version" "2.1.1"
  
  "queue-microtask@^1.2.2":
    "integrity" "sha512-NuaNSa6flKT5JaSYQzJok04JzTL1CA6aGhv5rfLW3PgqA+M2ChpZQnAC8h8i4ZFkBS8X5RqkDBHA7r4hej3K9A=="
    "resolved" "https://registry.npmjs.org/queue-microtask/-/queue-microtask-1.2.3.tgz"
    "version" "1.2.3"
  
  "react-dom@^17.0.2":
    "integrity" "sha1-7P+2hF462Nv83EmPDQqTlzZQLCM="
    "resolved" "https://registry.npmmirror.com/react-dom/download/react-dom-17.0.2.tgz"
    "version" "17.0.2"
    dependencies:
      "loose-envify" "^1.1.0"
      "object-assign" "^4.1.1"
      "scheduler" "^0.20.2"
  
  "react-is@^16.8.1":
    "integrity" "sha512-24e6ynE2H+OKt4kqsOvNd8kBpV65zoxbA4BVsEOB3ARVWQki/DHzaUoC5KuON/BiccDaCCTZBuOcfZs70kR8bQ=="
    "resolved" "https://registry.npmjs.org/react-is/-/react-is-16.13.1.tgz"
    "version" "16.13.1"
  
  "react-refresh@^0.11.0":
    "integrity" "sha512-F27qZr8uUqwhWZboondsPx8tnC3Ct3SxZA3V5WyEvujRyyNv0VYPhoBg1gZ8/MV5tubQp76Trw8lTv9hzRBa+A=="
    "resolved" "https://registry.npmmirror.com/react-refresh/download/react-refresh-0.11.0.tgz"
    "version" "0.11.0"
  
  "react@^17.0.2", "react@17.0.2":
    "integrity" "sha1-0LXMUW0p6z7uOD91tihkz7aAADc="
    "resolved" "https://registry.npmmirror.com/react/download/react-17.0.2.tgz"
    "version" "17.0.2"
    dependencies:
      "loose-envify" "^1.1.0"
      "object-assign" "^4.1.1"
  
  "regexp.prototype.flags@^1.3.1":
    "integrity" "sha512-JiBdRBq91WlY7uRJ0ds7R+dU02i6LKi8r3BuQhNXn+kmeLN+EfHhfjqMRis1zJxnlu88hq/4dx0P2OP3APRTOA=="
    "resolved" "https://registry.npmjs.org/regexp.prototype.flags/-/regexp.prototype.flags-1.3.1.tgz"
    "version" "1.3.1"
    dependencies:
      "call-bind" "^1.0.2"
      "define-properties" "^1.1.3"
  
  "regexpp@^3.0.0", "regexpp@^3.1.0", "regexpp@^3.2.0":
    "integrity" "sha1-BCWido2PI7rXDKS5BGH6LxIT4bI="
    "resolved" "https://registry.nlark.com/regexpp/download/regexpp-3.2.0.tgz"
    "version" "3.2.0"
  
  "require-from-string@^2.0.2":
    "integrity" "sha512-Xf0nWe6RseziFMu+Ap9biiUbmplq6S9/p+7w7YXP/JBHhrUDDUhwa+vANyubuqfZWTveU//DYVGsDG7RKL/vEw=="
    "resolved" "https://registry.npmjs.org/require-from-string/-/require-from-string-2.0.2.tgz"
    "version" "2.0.2"
  
  "resolve-from@^4.0.0":
    "integrity" "sha512-pb/MYmXstAkysRFx8piNI1tGFNQIFA3vkE3Gq4EuA1dF6gHp/+vgZqsCGJapvy8N3Q+4o7FwvquPJcnZ7RYy4g=="
    "resolved" "https://registry.npmjs.org/resolve-from/-/resolve-from-4.0.0.tgz"
    "version" "4.0.0"
  
  "resolve@^1.10.1", "resolve@^1.20.0":
    "integrity" "sha1-YpoBP7P3B1XW8LeTXMHCxTeLGXU="
    "resolved" "https://registry.npm.taobao.org/resolve/download/resolve-1.20.0.tgz?cache=0&sync_timestamp=1613054822645&other_urls=https%3A%2F%2Fregistry.npm.taobao.org%2Fresolve%2Fdownload%2Fresolve-1.20.0.tgz"
    "version" "1.20.0"
    dependencies:
      "is-core-module" "^2.2.0"
      "path-parse" "^1.0.6"
  
  "resolve@^2.0.0-next.3":
    "integrity" "sha512-W8LucSynKUIDu9ylraa7ueVZ7hc0uAgJBxVsQSKOXOyle8a93qXhcz+XAXZ8bIq2d6i4Ehddn6Evt+0/UwKk6Q=="
    "resolved" "https://registry.npmjs.org/resolve/-/resolve-2.0.0-next.3.tgz"
    "version" "2.0.0-next.3"
    dependencies:
      "is-core-module" "^2.2.0"
      "path-parse" "^1.0.6"
  
  "reusify@^1.0.4":
    "integrity" "sha512-U9nH88a3fc/ekCF1l0/UP1IosiuIjyTh7hBvXVMHYgVcfGvt897Xguj2UOLDeI5BG2m7/uwyaLVT6fbtCwTyzw=="
    "resolved" "https://registry.npmjs.org/reusify/-/reusify-1.0.4.tgz"
    "version" "1.0.4"
  
  "rimraf@^3.0.2":
    "integrity" "sha1-8aVAK6YiCtUswSgrrBrjqkn9Bho="
    "resolved" "https://registry.npm.taobao.org/rimraf/download/rimraf-3.0.2.tgz"
    "version" "3.0.2"
    dependencies:
      "glob" "^7.1.3"
  
  "rollup@^2.59.0":
    "integrity" "sha512-teQ+T1mUYbyvGyUavCodiyA9hD4DxwYZJwr/qehZGhs1Z49vsmzelMVYMxGU4ZhGRKxYPupHuz5yzm/wj7VpWA=="
    "resolved" "https://registry.npmmirror.com/rollup/download/rollup-2.61.0.tgz"
    "version" "2.61.0"
    optionalDependencies:
      "fsevents" "~2.3.2"
  
  "run-parallel@^1.1.9":
    "integrity" "sha512-5l4VyZR86LZ/lDxZTR6jqL8AFE2S0IFLMP26AbjsLVADxHdhB/c0GUsH+y39UfCi3dzz8OlQuPmnaJOMoDHQBA=="
    "resolved" "https://registry.npmjs.org/run-parallel/-/run-parallel-1.2.0.tgz"
    "version" "1.2.0"
    dependencies:
      "queue-microtask" "^1.2.2"
  
  "safe-buffer@~5.1.1":
    "integrity" "sha1-mR7GnSluAxN0fVm9/St0XDX4go0="
    "resolved" "https://registry.nlark.com/safe-buffer/download/safe-buffer-5.1.2.tgz"
    "version" "5.1.2"
  
  "scheduler@^0.20.2":
    "integrity" "sha1-S67jlDbjSqk7SHS93L8P6Li1DpE="
    "resolved" "https://registry.npmmirror.com/scheduler/download/scheduler-0.20.2.tgz"
    "version" "0.20.2"
    dependencies:
      "loose-envify" "^1.1.0"
      "object-assign" "^4.1.1"
  
  "semver@^6.1.0", "semver@^6.3.0":
    "integrity" "sha1-7gpkyK9ejO6mdoexM3YeG+y9HT0="
    "resolved" "https://registry.npm.taobao.org/semver/download/semver-6.3.0.tgz"
    "version" "6.3.0"
  
  "semver@^7.2.1":
    "integrity" "sha1-C2Ich5NI2JmOSw5L6Us/EuYBjvc="
    "resolved" "https://registry.npm.taobao.org/semver/download/semver-7.3.5.tgz"
    "version" "7.3.5"
    dependencies:
      "lru-cache" "^6.0.0"
  
  "semver@^7.3.5":
    "integrity" "sha512-PoeGJYh8HK4BTO/a9Tf6ZG3veo/A7ZVsYrSA6J8ny9nb3B1VrpkuN+z9OE5wfE5p6H4LchYZsegiQgbJD94ZFQ=="
    "resolved" "https://registry.npmjs.org/semver/-/semver-7.3.5.tgz"
    "version" "7.3.5"
    dependencies:
      "lru-cache" "^6.0.0"
  
  "shebang-command@^2.0.0":
    "integrity" "sha1-zNCvT4g1+9wmW4JGGq8MNmY/NOo="
    "resolved" "https://registry.npm.taobao.org/shebang-command/download/shebang-command-2.0.0.tgz"
    "version" "2.0.0"
    dependencies:
      "shebang-regex" "^3.0.0"
  
  "shebang-regex@^3.0.0":
    "integrity" "sha1-rhbxZE2HPsrYQ7AwexQzYtTEIXI="
    "resolved" "https://registry.nlark.com/shebang-regex/download/shebang-regex-3.0.0.tgz?cache=0&sync_timestamp=1628896299850&other_urls=https%3A%2F%2Fregistry.nlark.com%2Fshebang-regex%2Fdownload%2Fshebang-regex-3.0.0.tgz"
    "version" "3.0.0"
  
  "side-channel@^1.0.4":
    "integrity" "sha512-q5XPytqFEIKHkGdiMIrY10mvLRvnQh42/+GoBlFW3b2LXLE2xxJpZFdm94we0BaoV3RwJyGqg5wS7epxTv0Zvw=="
    "resolved" "https://registry.npmjs.org/side-channel/-/side-channel-1.0.4.tgz"
    "version" "1.0.4"
    dependencies:
      "call-bind" "^1.0.0"
      "get-intrinsic" "^1.0.2"
      "object-inspect" "^1.9.0"
  
  "slash@^3.0.0":
    "integrity" "sha512-g9Q1haeby36OSStwb4ntCGGGaKsaVSjQ68fBxoQcutl5fS1vuY18H3wSt3jFyFtrkx+Kz0V1G85A4MyAdDMi2Q=="
    "resolved" "https://registry.npmjs.org/slash/-/slash-3.0.0.tgz"
    "version" "3.0.0"
  
  "slice-ansi@^4.0.0":
    "integrity" "sha512-qMCMfhY040cVHT43K9BFygqYbUPFZKHOg7K73mtTWJRb8pyP3fzf4Ixd5SzdEJQ6MRUg/WBnOLxghZtKKurENQ=="
    "resolved" "https://registry.npmjs.org/slice-ansi/-/slice-ansi-4.0.0.tgz"
    "version" "4.0.0"
    dependencies:
      "ansi-styles" "^4.0.0"
      "astral-regex" "^2.0.0"
      "is-fullwidth-code-point" "^3.0.0"
  
  "source-map-js@^1.0.1":
    "integrity" "sha512-4+TN2b3tqOCd/kaGRJ/sTYA0tR0mdXx26ipdolxcwtJVqEnqNYvlCAt1q3ypy4QMlYus+Zh34RNtYLoq2oQ4IA=="
    "resolved" "https://registry.npmmirror.com/source-map-js/download/source-map-js-1.0.1.tgz"
    "version" "1.0.1"
  
  "source-map@^0.5.0":
    "integrity" "sha1-igOdLRAh0i0eoUyA2OpGi6LvP8w="
    "resolved" "https://registry.npm.taobao.org/source-map/download/source-map-0.5.7.tgz"
    "version" "0.5.7"
  
  "sprintf-js@~1.0.2":
    "integrity" "sha1-BOaSb2YolTVPPdAVIDYzuFcpfiw="
    "resolved" "https://registry.npmjs.org/sprintf-js/-/sprintf-js-1.0.3.tgz"
    "version" "1.0.3"
  
  "string-width@^4.2.3":
    "integrity" "sha512-wKyQRQpjJ0sIp62ErSZdGsjMJWsap5oRNihHhu6G7JVO/9jIB6UyevL+tXuOqrng8j/cxKTWyWUwvSTriiZz/g=="
    "resolved" "https://registry.npmjs.org/string-width/-/string-width-4.2.3.tgz"
    "version" "4.2.3"
    dependencies:
      "emoji-regex" "^8.0.0"
      "is-fullwidth-code-point" "^3.0.0"
      "strip-ansi" "^6.0.1"
  
  "string.prototype.matchall@^4.0.6":
    "integrity" "sha512-6WgDX8HmQqvEd7J+G6VtAahhsQIssiZ8zl7zKh1VDMFyL3hRTJP4FTNA3RbIp2TOQ9AYNDcc7e3fH0Qbup+DBg=="
    "resolved" "https://registry.npmjs.org/string.prototype.matchall/-/string.prototype.matchall-4.0.6.tgz"
    "version" "4.0.6"
    dependencies:
      "call-bind" "^1.0.2"
      "define-properties" "^1.1.3"
      "es-abstract" "^1.19.1"
      "get-intrinsic" "^1.1.1"
      "has-symbols" "^1.0.2"
      "internal-slot" "^1.0.3"
      "regexp.prototype.flags" "^1.3.1"
      "side-channel" "^1.0.4"
  
  "string.prototype.trimend@^1.0.4":
    "integrity" "sha512-y9xCjw1P23Awk8EvTpcyL2NIr1j7wJ39f+k6lvRnSMz+mz9CGz9NYPelDk42kOz6+ql8xjfK8oYzy3jAP5QU5A=="
    "resolved" "https://registry.npmjs.org/string.prototype.trimend/-/string.prototype.trimend-1.0.4.tgz"
    "version" "1.0.4"
    dependencies:
      "call-bind" "^1.0.2"
      "define-properties" "^1.1.3"
  
  "string.prototype.trimstart@^1.0.4":
    "integrity" "sha512-jh6e984OBfvxS50tdY2nRZnoC5/mLFKOREQfw8t5yytkoUsJRNxvI/E39qu1sD0OtWI3OC0XgKSmcWwziwYuZw=="
    "resolved" "https://registry.npmjs.org/string.prototype.trimstart/-/string.prototype.trimstart-1.0.4.tgz"
    "version" "1.0.4"
    dependencies:
      "call-bind" "^1.0.2"
      "define-properties" "^1.1.3"
  
  "strip-ansi@^6.0.0", "strip-ansi@^6.0.1":
    "integrity" "sha1-nibGPTD1NEPpSJSVshBdN7Z6hdk="
    "resolved" "https://registry.npmmirror.com/strip-ansi/download/strip-ansi-6.0.1.tgz?cache=0&sync_timestamp=1632432619223&other_urls=https%3A%2F%2Fregistry.npmmirror.com%2Fstrip-ansi%2Fdownload%2Fstrip-ansi-6.0.1.tgz"
    "version" "6.0.1"
    dependencies:
      "ansi-regex" "^5.0.1"
  
  "strip-bom@^3.0.0":
    "integrity" "sha1-IzTBjpx1n3vdVv3vfprj1YjmjtM="
    "resolved" "https://registry.npmjs.org/strip-bom/-/strip-bom-3.0.0.tgz"
    "version" "3.0.0"
  
  "strip-json-comments@^3.1.0", "strip-json-comments@^3.1.1":
    "integrity" "sha512-6fPc+R4ihwqP6N/aIv2f1gMH8lOVtWQHoqC4yK6oSDVVocumAsfCqjkXnqiYMhmMwS/mEHLp7Vehlt3ql6lEig=="
    "resolved" "https://registry.npmjs.org/strip-json-comments/-/strip-json-comments-3.1.1.tgz"
    "version" "3.1.1"
  
  "supports-color@^5.3.0":
    "integrity" "sha1-4uaaRKyHcveKHsCzW2id9lMO/I8="
    "resolved" "https://registry.npmmirror.com/supports-color/download/supports-color-5.5.0.tgz"
    "version" "5.5.0"
    dependencies:
      "has-flag" "^3.0.0"
  
  "supports-color@^7.1.0":
    "integrity" "sha1-G33NyzK4E4gBs+R4umpRyqiWSNo="
    "resolved" "https://registry.npmmirror.com/supports-color/download/supports-color-7.2.0.tgz"
    "version" "7.2.0"
    dependencies:
      "has-flag" "^4.0.0"
  
  "table@^6.0.9":
    "integrity" "sha512-LFNeryOqiQHqCVKzhkymKwt6ozeRhlm8IL1mE8rNUurkir4heF6PzMyRgaTa4tlyPTGGgXuvVOF/OLWiH09Lqw=="
    "resolved" "https://registry.npmjs.org/table/-/table-6.7.5.tgz"
    "version" "6.7.5"
    dependencies:
      "ajv" "^8.0.1"
      "lodash.truncate" "^4.4.2"
      "slice-ansi" "^4.0.0"
      "string-width" "^4.2.3"
      "strip-ansi" "^6.0.1"
  
  "text-table@^0.2.0":
    "integrity" "sha1-f17oI66AUgfACvLfSoTsP8+lcLQ="
    "resolved" "https://registry.nlark.com/text-table/download/text-table-0.2.0.tgz?cache=0&sync_timestamp=1618847142316&other_urls=https%3A%2F%2Fregistry.nlark.com%2Ftext-table%2Fdownload%2Ftext-table-0.2.0.tgz"
    "version" "0.2.0"
  
  "to-fast-properties@^2.0.0":
    "integrity" "sha1-3F5pjL0HkmW8c+A3doGk5Og/YW4="
    "resolved" "https://registry.nlark.com/to-fast-properties/download/to-fast-properties-2.0.0.tgz?cache=0&sync_timestamp=1628418893613&other_urls=https%3A%2F%2Fregistry.nlark.com%2Fto-fast-properties%2Fdownload%2Fto-fast-properties-2.0.0.tgz"
    "version" "2.0.0"
  
  "to-regex-range@^5.0.1":
    "integrity" "sha512-65P7iz6X5yEr1cwcgvQxbbIw7Uk3gOy5dIdtZ4rDveLqhrdJP+Li/Hx6tyK0NEb+2GCyneCMJiGqrADCSNk8sQ=="
    "resolved" "https://registry.npmjs.org/to-regex-range/-/to-regex-range-5.0.1.tgz"
    "version" "5.0.1"
    dependencies:
      "is-number" "^7.0.0"
  
  "tsconfig-paths@^3.11.0":
    "integrity" "sha512-e5adrnOYT6zqVnWqZu7i/BQ3BnhzvGbjEjejFXO20lKIKpwTaupkCPgEfv4GZK1IBciJUEhYs3J3p75FdaTFVg=="
    "resolved" "https://registry.npmjs.org/tsconfig-paths/-/tsconfig-paths-3.12.0.tgz"
    "version" "3.12.0"
    dependencies:
      "@types/json5" "^0.0.29"
      "json5" "^1.0.1"
      "minimist" "^1.2.0"
      "strip-bom" "^3.0.0"
  
  "tslib@^1.8.1":
    "integrity" "sha512-Xni35NKzjgMrwevysHTCArtLDpPvye8zV/0E4EyYn43P7/7qvQwPh9BGkHewbMulVntbigmcT7rdX3BNo9wRJg=="
    "resolved" "https://registry.npmjs.org/tslib/-/tslib-1.14.1.tgz"
    "version" "1.14.1"
  
  "tsutils@^3.21.0":
    "integrity" "sha512-mHKK3iUXL+3UF6xL5k0PEhKRUBKPBCv/+RkEOpjRWxxx27KKRBmmA60A9pgOUvMi8GKhRMPEmjBRPzs2W7O1OA=="
    "resolved" "https://registry.npmjs.org/tsutils/-/tsutils-3.21.0.tgz"
    "version" "3.21.0"
    dependencies:
      "tslib" "^1.8.1"
  
  "type-check@^0.4.0", "type-check@~0.4.0":
    "integrity" "sha1-B7ggO/pwVsBlcFDjzNLDdzC6uPE="
    "resolved" "https://registry.nlark.com/type-check/download/type-check-0.4.0.tgz"
    "version" "0.4.0"
    dependencies:
      "prelude-ls" "^1.2.1"
  
  "type-fest@^0.20.2":
    "integrity" "sha512-Ne+eE4r0/iWnpAxD852z3A+N0Bt5RN//NjJwRd2VFHEmrywxf5vsZlh4R6lixl6B+wz/8d+maTSAkN1FIkI3LQ=="
    "resolved" "https://registry.npmjs.org/type-fest/-/type-fest-0.20.2.tgz"
    "version" "0.20.2"
  
  "typescript@^4.4.4", "typescript@>=2.8.0 || >= 3.2.0-dev || >= 3.3.0-dev || >= 3.4.0-dev || >= 3.5.0-dev || >= 3.6.0-dev || >= 3.6.0-beta || >= 3.7.0-dev || >= 3.7.0-beta":
    "integrity" "sha512-5BlMof9H1yGt0P8/WF+wPNw6GfctgGjXp5hkblpyT+8rkASSmkUKMXrxR0Xg8ThVCi/JnHQiKXeBaEwCeQwMFw=="
    "resolved" "https://registry.npmmirror.com/typescript/download/typescript-4.5.2.tgz"
    "version" "4.5.2"
  
  "unbox-primitive@^1.0.1":
    "integrity" "sha512-tZU/3NqK3dA5gpE1KtyiJUrEB0lxnGkMFHptJ7q6ewdZ8s12QrODwNbhIJStmJkd1QDXa1NRA8aF2A1zk/Ypyw=="
    "resolved" "https://registry.npmjs.org/unbox-primitive/-/unbox-primitive-1.0.1.tgz"
    "version" "1.0.1"
    dependencies:
      "function-bind" "^1.1.1"
      "has-bigints" "^1.0.1"
      "has-symbols" "^1.0.2"
      "which-boxed-primitive" "^1.0.2"
  
  "uri-js@^4.2.2":
    "integrity" "sha512-7rKUyy33Q1yc98pQ1DAmLtwX109F7TIfWlW1Ydo8Wl1ii1SeHieeh0HHfPeL2fMXK6z0s8ecKs9frCuLJvndBg=="
    "resolved" "https://registry.npmjs.org/uri-js/-/uri-js-4.4.1.tgz"
    "version" "4.4.1"
    dependencies:
      "punycode" "^2.1.0"
  
  "v8-compile-cache@^2.0.3":
    "integrity" "sha1-LeGWGMZtwkfc+2+ZM4A12CRaLO4="
    "resolved" "https://registry.nlark.com/v8-compile-cache/download/v8-compile-cache-2.3.0.tgz"
    "version" "2.3.0"
  
  "vite@^2.7.0":
    "integrity" "sha512-TDXXhcu5lyQ6uosK4ZWaOyB4VzOiizk0biitRzDzaEtgSUi8rVYPc4k1xgOjLSf0OuceDJmojFKXHOX9DB1WuQ=="
    "resolved" "https://registry.npmmirror.com/vite/download/vite-2.7.1.tgz"
    "version" "2.7.1"
    dependencies:
      "esbuild" "^0.13.12"
      "postcss" "^8.3.11"
      "resolve" "^1.20.0"
      "rollup" "^2.59.0"
    optionalDependencies:
      "fsevents" "~2.3.2"
  
  "which-boxed-primitive@^1.0.2":
    "integrity" "sha512-bwZdv0AKLpplFY2KZRX6TvyuN7ojjr7lwkg6ml0roIy9YeuSr7JS372qlNW18UQYzgYK9ziGcerWqZOmEn9VNg=="
    "resolved" "https://registry.npmjs.org/which-boxed-primitive/-/which-boxed-primitive-1.0.2.tgz"
    "version" "1.0.2"
    dependencies:
      "is-bigint" "^1.0.1"
      "is-boolean-object" "^1.1.0"
      "is-number-object" "^1.0.4"
      "is-string" "^1.0.5"
      "is-symbol" "^1.0.3"
  
  "which@^2.0.1":
    "integrity" "sha1-fGqN0KY2oDJ+ELWckobu6T8/UbE="
    "resolved" "https://registry.nlark.com/which/download/which-2.0.2.tgz"
    "version" "2.0.2"
    dependencies:
      "isexe" "^2.0.0"
  
  "word-wrap@^1.2.3":
    "integrity" "sha1-YQY29rH3A4kb00dxzLF/uTtHB5w="
    "resolved" "https://registry.npm.taobao.org/word-wrap/download/word-wrap-1.2.3.tgz"
    "version" "1.2.3"
  
  "wrappy@1":
    "integrity" "sha1-tSQ9jz7BqjXxNkYFvA0QNuMKtp8="
    "resolved" "https://registry.nlark.com/wrappy/download/wrappy-1.0.2.tgz?cache=0&sync_timestamp=1619133505879&other_urls=https%3A%2F%2Fregistry.nlark.com%2Fwrappy%2Fdownload%2Fwrappy-1.0.2.tgz"
    "version" "1.0.2"
  
  "yallist@^4.0.0":
    "integrity" "sha1-m7knkNnA7/7GO+c1GeEaNQGaOnI="
    "resolved" "https://registry.nlark.com/yallist/download/yallist-4.0.0.tgz?cache=0&sync_timestamp=1622604530774&other_urls=https%3A%2F%2Fregistry.nlark.com%2Fyallist%2Fdownload%2Fyallist-4.0.0.tgz"
    "version" "4.0.0"
